0 info it worked if it ends with ok
1 verbose cli [ '/home/ubuntu/.nvm/versions/node/v8.4.0/bin/node',
1 verbose cli   '/home/ubuntu/.nvm/versions/node/v8.4.0/bin/npm',
1 verbose cli   'start' ]
2 info using npm@5.3.0
3 info using node@v8.4.0
4 verbose run-script [ 'prestart', 'start', 'poststart' ]
5 info lifecycle chat-example@0.0.0~prestart: chat-example@0.0.0
6 info lifecycle chat-example@0.0.0~start: chat-example@0.0.0
7 verbose lifecycle chat-example@0.0.0~start: unsafe-perm in lifecycle true
8 verbose lifecycle chat-example@0.0.0~start: PATH: /home/ubuntu/.nvm/versions/node/v8.4.0/lib/node_modules/npm/bin/node-gyp-bin:/home/ubuntu/workspace/node_modules/.bin:/home/ubuntu/.nvm/versions/node/v8.4.0/bin:/usr/local/rvm/gems/ruby-2.4.0/bin:/usr/local/rvm/gems/ruby-2.4.0@global/bin:/usr/local/rvm/rubies/ruby-2.4.0/bin:/mnt/shared/bin:/home/ubuntu/workspace/node_modules/.bin:/home/ubuntu/bin:/usr/local/sbin:/usr/local/bin:/usr/sbin:/usr/bin:/sbin:/bin:/mnt/shared/sbin:/opt/gitl:/opt/go/bin:/mnt/shared/c9/app.nw/bin:/usr/local/rvm/bin
9 verbose lifecycle chat-example@0.0.0~start: CWD: /home/ubuntu/workspace
10 silly lifecycle chat-example@0.0.0~start: Args: [ '-c', 'node server.js' ]
11 silly lifecycle chat-example@0.0.0~start: Returned: code: 1  signal: null
12 info lifecycle chat-example@0.0.0~start: Failed to exec start script
13 verbose stack Error: chat-example@0.0.0 start: `node server.js`
13 verbose stack Exit status 1
13 verbose stack     at EventEmitter.<anonymous> (/home/ubuntu/.nvm/versions/node/v8.4.0/lib/node_modules/npm/lib/utils/lifecycle.js:289:16)
13 verbose stack     at emitTwo (events.js:125:13)
13 verbose stack     at EventEmitter.emit (events.js:213:7)
13 verbose stack     at ChildProcess.<anonymous> (/home/ubuntu/.nvm/versions/node/v8.4.0/lib/node_modules/npm/lib/utils/spawn.js:40:14)
13 verbose stack     at emitTwo (events.js:125:13)
13 verbose stack     at ChildProcess.emit (events.js:213:7)
13 verbose stack     at maybeClose (internal/child_process.js:927:16)
13 verbose stack     at Process.ChildProcess._handle.onexit (internal/child_process.js:211:5)
14 verbose pkgid chat-example@0.0.0
15 verbose cwd /home/ubuntu/workspace
16 verbose Linux 4.9.80-c9
17 verbose argv "/home/ubuntu/.nvm/versions/node/v8.4.0/bin/node" "/home/ubuntu/.nvm/versions/node/v8.4.0/bin/npm" "start"
18 verbose node v8.4.0
19 verbose npm  v5.3.0
20 error code ELIFECYCLE
21 error errno 1
22 error chat-example@0.0.0 start: `node server.js`
22 error Exit status 1
23 error Failed at the chat-example@0.0.0 start script.
23 error This is probably not a problem with npm. There is likely additional logging output above.
24 verbose exit [ 1, true ]
