------------------------------------------------------------
/usr/bin/pip3 run on Sat Jan 12 06:26:45 2019
Downloading/unpacking nltk
  Getting page https://pypi.python.org/simple/nltk/
  URLs to search for versions for nltk:
  * https://pypi.python.org/simple/nltk/
  Analyzing links from page https://pypi.org/simple/nltk/
    Found link https://files.pythonhosted.org/packages/6b/4e/048a00445a157d1903dcea51357777eac71b2dadfb2de91ea477d4b57a1e/nltk-2.0.1rc2-git.tar.gz#sha256=23fdfc71f2b3914d435c0f4ef922ce97f98e8ddc1d2cd89a5ef264579ba447ae (from https://pypi.org/simple/nltk/), version: 2.0.1rc2-git
    Skipping link https://files.pythonhosted.org/packages/db/fe/db1ec5432e34689ed60c3b47f4f9a6aa2c1e2398cea81bb17eb394df2170/nltk-2.0.1rc2-git.win32.exe#sha256=9bd4ad1f0d271ebbe0116625d0bbfa76396f10667de084b0f1499c33eec45b76 (from https://pypi.org/simple/nltk/); unknown archive format: .exe
    Found link https://files.pythonhosted.org/packages/54/7e/b9345aeb41e0720e0ec29f4bc7dc4bde4fa4108a22b631c269d793e18465/nltk-2.0b4.tar.gz#sha256=9e6be4a7f13cb21a376951f07ecb4fff2b7d597164feac607c758f08a62afcf8 (from https://pypi.org/simple/nltk/), version: 2.0b4
    Found link https://files.pythonhosted.org/packages/33/aa/159318481aa172c476f57492eb043177b3ab50e2c1895f3b14bdae42bd94/nltk-2.0b5.tar.gz#sha256=c16338bae20378e29ed8afba48ee0c013563afa46aeb8f2e139bc6c9ef72110f (from https://pypi.org/simple/nltk/), version: 2.0b5
    Found link https://files.pythonhosted.org/packages/d6/93/3ed4a138b804255cb91a9c5730584fb76f233aee04bae1707d2233088df3/nltk-2.0b6.tar.gz#sha256=364ce3d52052a7f8c6d0e0a2825564e999c5614c84d9a35c6c727aca6211635d (from https://pypi.org/simple/nltk/), version: 2.0b6
    Found link https://files.pythonhosted.org/packages/dd/71/c976e54dc7f7af84622955cf5c5b1863cab815979c930add7eb4095db8b7/nltk-2.0b7.tar.gz#sha256=1154c13218a5bf6dd1db024b161d1f0caf5341af298c8a40bc9b2c27d9dff7fa (from https://pypi.org/simple/nltk/), version: 2.0b7
    Found link https://files.pythonhosted.org/packages/d6/b2/62b3391d7bf83d2e444c3770aa98fc67d3665d4a710ce66c839233aabe88/nltk-2.0b8.macosx-10.5-i386.tar.gz#sha256=c2bedb0848f5945c6082354fb42998da47d2cda631cbb273be3090528fa64254 (from https://pypi.org/simple/nltk/), version: 2.0b8.macosx-10.5-i386
    Found link https://files.pythonhosted.org/packages/22/6f/ebe947043efc09a7b87601341b69c9f41577bef1091c18dae23fe82394b7/nltk-2.0b8.tar.gz#sha256=7b33f0ba998f42ff4517e988bd7d735dcd41a9d4dbab9231737da678d19662f2 (from https://pypi.org/simple/nltk/), version: 2.0b8
    Found link https://files.pythonhosted.org/packages/ea/b3/4c5157bf034437905fbbd3c80e58c8b4a22cf3400db0bdf19dae3079a732/nltk-2.0b9.tar.gz#sha256=2d7fda1ad0f686bc1da3534ee8dbf6fa064183ecce64435591977f828dd28c09 (from https://pypi.org/simple/nltk/), version: 2.0b9
    Found link https://files.pythonhosted.org/packages/61/eb/cffac9e82b1d453ce3a8fd1f169be9978d9dcd9fe8ba6b1921e073b791b3/nltk-2.0.1rc1.macosx-10.6-x86_64.tar.gz#sha256=53e2ee72ccd02137c5020d2aaac16e2ebd4da0138bb64bff032bba708256c3f5 (from https://pypi.org/simple/nltk/), version: 2.0.1rc1.macosx-10.6-x86_64
    Found link https://files.pythonhosted.org/packages/23/3b/a79b2a03eda708928ab397c0a80825fee443ef64b41a4bf274ecd36ce5ec/nltk-2.0.1rc1.tar.gz#sha256=b595a204495292aa820c5ebc612464ec2ee8a7df3bcddd5392ccc8e886fec534 (from https://pypi.org/simple/nltk/), version: 2.0.1rc1
    Found link https://files.pythonhosted.org/packages/45/1e/411cb6c8bf5b67c0b8a310da96e299459e391298eb6f3505a87dcdce03d8/nltk-2.0.1rc3.tar.gz#sha256=7cd8fee55010362ef7fc2827a3f4e975f2bf5f1734427d774074789ab5afcc80 (from https://pypi.org/simple/nltk/), version: 2.0.1rc3
    Skipping link https://files.pythonhosted.org/packages/53/76/1fd739c925ac5fcf83321e82c06b2fd9a6300b9c554f5d398acbcc0402d6/nltk-2.0.1rc3.win32.exe#sha256=09aa1fa0deb2de6cfec67a6a4fbc07330f3d559a3aa989304656b228d8f47f1b (from https://pypi.org/simple/nltk/); unknown archive format: .exe
    Found link https://files.pythonhosted.org/packages/0d/08/c155a3fe9479a41d836dfbff5952e61e1f2e66a40c57edf500303eb6f6b8/nltk-2.0.1rc3.zip#sha256=d13b81e3d70eff448c6769aa95edc6dacc62a4ac1f0c9ed0173698e5deffde11 (from https://pypi.org/simple/nltk/), version: 2.0.1rc3
    Found link https://files.pythonhosted.org/packages/28/ff/c5eef30ebac50abbfe3f9529953931cea24d230e44ce18e3a6f56aca29ef/nltk-2.0.1rc4.tar.gz#sha256=89a07c5fdd017ee4de94bebad3c6a74bfc15c32ba9d4a0a0dd512319af3eb7b7 (from https://pypi.org/simple/nltk/), version: 2.0.1rc4
    Skipping link https://files.pythonhosted.org/packages/4f/33/ce0d730d8a166ab1ac17fa43d56fd78ee5cc4d7fc8524a645e2b4ece06cf/nltk-2.0.1rc4.win32.exe#sha256=4dd209f0170bfee1dcbb310e05b06a5b296fd08a54a8b569e7349604b6afc5fc (from https://pypi.org/simple/nltk/); unknown archive format: .exe
    Found link https://files.pythonhosted.org/packages/e5/03/c6998361accea07bf4e9ff75f45237296151687a5d373c8a3ab3a092fd48/nltk-2.0.1rc4.zip#sha256=a7c552377127e783063b60f4083024ca529808c0aa288d322576f8985e1cd6d9 (from https://pypi.org/simple/nltk/), version: 2.0.1rc4
    Found link https://files.pythonhosted.org/packages/b0/a8/72d98c0aafc8eb3eef3d083c00033bef14230a836e468243912b754b9b8f/nltk-2.0.1.tar.gz#sha256=c69b1e7a2d3e1da8334b3760be55cae4d0a8108b7487bd8a41b4d40f544a29a2 (from https://pypi.org/simple/nltk/), version: 2.0.1
    Skipping link https://files.pythonhosted.org/packages/00/c9/5662dce611893ddfa73d713b45587293f3d913c79b7b91ca0a522dad3ed4/nltk-2.0.1.win32.exe#sha256=b410446bd6f587a9f5455b3f825b041478911e32f9680dc5ed03ea8c816b8d79 (from https://pypi.org/simple/nltk/); unknown archive format: .exe
    Found link https://files.pythonhosted.org/packages/b2/0f/436c9afd515b820f80bf2bf9d3c6b1b4ec91e38eb1ea8311d9de267e2016/nltk-2.0.1.zip#sha256=8be0b8b0bc30d69d29f3a6fedebb434192cf4ad5eab5a81b81ca1f7ea98cbe42 (from https://pypi.org/simple/nltk/), version: 2.0.1
    Found link https://files.pythonhosted.org/packages/54/ce/524dd314bff07d91c5ee1c49a5d5f12e7c35022b44e3cf4d9032602fa5e4/nltk-2.0.2.tar.gz#sha256=b934f13a56951667caef2d5b593002a415169342536b83e5676245e4fdbb2b5b (from https://pypi.org/simple/nltk/), version: 2.0.2
    Skipping link https://files.pythonhosted.org/packages/49/89/c7f5a5a2c33633ff7b38877906d108606d219c56ba6f80e2a9212514e959/nltk-2.0.2.win32.exe#sha256=799628a31efe8510229314ad823151803da08d021d2fabfb881109853b8b795c (from https://pypi.org/simple/nltk/); unknown archive format: .exe
    Found link https://files.pythonhosted.org/packages/1c/ab/0d9cbf9b3314a6dd4a384eade2367feba0c21c40f6923c1c0ed02d87075c/nltk-2.0.2.zip#sha256=6fea0ede660b0a9802e830fac5f372919bfe52063a33a78d908c9630dc9ad1ad (from https://pypi.org/simple/nltk/), version: 2.0.2
    Found link https://files.pythonhosted.org/packages/45/75/e04ceb812ed728dad60833025a549c6136ab28757a46f32b254659069b98/nltk-2.0.3.tar.gz#sha256=9047ad1eee41d977345d42e8bcfc871d4cf6af7e2bc0f340fe697d7c71cc8f73 (from https://pypi.org/simple/nltk/), version: 2.0.3
    Skipping link https://files.pythonhosted.org/packages/6c/a1/5998b857cf075b607eadcafc19871429ee7a720b36e4081320bbbd77048a/nltk-2.0.3.win32.exe#sha256=6881daa43761d9ccec6cfdc5b163558bf26919261e38dea886ad0ac142df86ed (from https://pypi.org/simple/nltk/); unknown archive format: .exe
    Found link https://files.pythonhosted.org/packages/45/94/28d681289c2d025c4081861a6158551064937842998152cfd01aa3d70ca8/nltk-2.0.3.zip#sha256=3cd58bda90f6434cf9d1f0550f1528c4f73c3c40e60d3631db75b236ec3ea9ed (from https://pypi.org/simple/nltk/), version: 2.0.3
    Found link https://files.pythonhosted.org/packages/81/f6/30c4eb35ad7a4b5e9301943c8738b79ebb8152f0986e877f809b8e295c61/nltk-2.0.4.tar.gz#sha256=a554d6b9c5c7c8b597a090d8848a6f78c6fc4665ae43c9a6a6d6a5b207d98c65 (from https://pypi.org/simple/nltk/), version: 2.0.4
    Skipping link https://files.pythonhosted.org/packages/b5/f4/af18e586220fefb095afc3e0cb4643f25e8970a212aaaca67be2a3aed946/nltk-2.0.4.win32.exe#sha256=2a2e1942aeb42637274ef2aeebaee279402bf4c408f30b1ad27993117a08fc5c (from https://pypi.org/simple/nltk/); unknown archive format: .exe
    Found link https://files.pythonhosted.org/packages/25/a7/f8938bdf6f6d17e37e882b67f1362c0fdb6a8a609a69252b6033d6c546c5/nltk-2.0.4.zip#sha256=70936b0cf30710a1d63df152c3286af39af37b131cd176c0202e6665a8630632 (from https://pypi.org/simple/nltk/), version: 2.0.4
    Found link https://files.pythonhosted.org/packages/50/9e/39418026bf8013bbc2852c7aec3fb21e4339f6cd694934496d67a19b53b8/nltk-2.0.5.tar.gz#sha256=590b1752fb39427ad8018a65f72355c22e8276d476699aa4a488e38c1b17889a (from https://pypi.org/simple/nltk/), version: 2.0.5
    Skipping link https://files.pythonhosted.org/packages/e3/61/b7bd9202791f98124023dfc885d423ecd7c604c219b685dc4349f0ebe2a0/nltk-2.0.5.win32.exe#sha256=874a5efb308b1d5afa16a0640ad463078b3c11e7421a75889ef2a70eb9deb499 (from https://pypi.org/simple/nltk/); unknown archive format: .exe
    Found link https://files.pythonhosted.org/packages/61/32/c7d454c7d232034dfb492b6ef5d749b367c58e0a0f2ed4125eb4089b9227/nltk-2.0.5.zip#sha256=edbeb82d03ef6fe24d4ec8380998d23cb2e36eb43350c9f33e932fe07de42cd5 (from https://pypi.org/simple/nltk/), version: 2.0.5
    Found link https://files.pythonhosted.org/packages/f2/85/cd15012fdfeddf229cac9caef5730fcaa8cbefe300a853c98f1d83973d4a/nltk-3.0.0b1.tar.gz#sha256=87fe243d16fe2a8e59fb06d7ad2c1c3e8b83c9821df7726dcf59aeec5f81422e (from https://pypi.org/simple/nltk/), version: 3.0.0b1
    Skipping link https://files.pythonhosted.org/packages/66/9b/3c4202031f97933e7aa62e946ed196bc9582137ee3fe15c959adb42b8445/nltk-3.0.0b1.win32.exe#sha256=f33814ae59b7f6141b5f059f4872bccaa8ab778b4d4d4a2f6e6fbd4fdcb13bf2 (from https://pypi.org/simple/nltk/); unknown archive format: .exe
    Found link https://files.pythonhosted.org/packages/86/1f/db5bb699d1c8f5d6e3446f5bb78da6b335217cb959a576d25191cdb44df8/nltk-3.0.0b1.zip#sha256=f6bb3baba36721fdb0c9a0a165e834fac49390eeeffbd526a78309f9000b1396 (from https://pypi.org/simple/nltk/), version: 3.0.0b1
    Found link https://files.pythonhosted.org/packages/45/1b/1b424a3af9bfb82c8649fa4ac5bffad0818194114268c34e20e1913d31b5/nltk-3.0.0b2.tar.gz#sha256=1af976f91ea44da8d7bfa13721ee89116b3d0907363a697c77cb2e9a57d559f3 (from https://pypi.org/simple/nltk/), version: 3.0.0b2
    Skipping link https://files.pythonhosted.org/packages/42/33/6d5b2f72d8caae88d506fa7088c10e54ff422e50dc07e2d1907733630856/nltk-3.0.0b2.win32.exe#sha256=b780b92accdb470e0f6b7abab5132acf0d9056d0808da0b368e764bd4b2cf5d0 (from https://pypi.org/simple/nltk/); unknown archive format: .exe
    Found link https://files.pythonhosted.org/packages/cc/43/6ecd92f0736b26cb9a3d51f30457a4a116630e06a0d47c8c30e776da0eb6/nltk-3.0.0b2.zip#sha256=f2e539dc2306a0a629a2ddc6a6a4f19703a68157b51d95b5e7117760167e105b (from https://pypi.org/simple/nltk/), version: 3.0.0b2
    Found link https://files.pythonhosted.org/packages/e1/1a/3fa24337f4fb6fb829dbe1934d206998e4377307e72a8ec7f7d860cfc097/nltk-3.0.0.tar.gz#sha256=5cae0ad66252b5a482afd1c0988d5b6bc9c012d3dbe1bb4d7746999b954b54ca (from https://pypi.org/simple/nltk/), version: 3.0.0
    Skipping link https://files.pythonhosted.org/packages/f2/da/1b355c269c35551da5c7925d8091925b464b54c5c1b6b5c49abca7f56355/nltk-3.0.0.win32.exe#sha256=4f3dd13ad1a4371b1e3ea9f8e590cc64e1c81d7ded99a202de0f1417c71f476a (from https://pypi.org/simple/nltk/); unknown archive format: .exe
    Found link https://files.pythonhosted.org/packages/bd/b0/62e5c228c329e592c4631d43bdaf422279299a5c0618667f2c9558b270d3/nltk-3.0.0.zip#sha256=19f182c2e28f661c4556ed56ba8149eb8dd7ce3a8e4ef888be4fe90083b3b041 (from https://pypi.org/simple/nltk/), version: 3.0.0
    Found link https://files.pythonhosted.org/packages/02/51/cb67aa5eecbff87df2372714f149fecb741c71dc4a0e41956dfd5ed6d4e7/nltk-3.0.1.tar.gz#sha256=438f1265eeb614b18dd3b8a027ffc2f192e8d35a4da1d0531c2299aaa9dedfc1 (from https://pypi.org/simple/nltk/), version: 3.0.1
    Skipping link https://files.pythonhosted.org/packages/52/57/454c11e95fd574c36d8b92166ac93f2a6c8cfbe579bc9253cb26131db02a/nltk-3.0.1.win32.exe#sha256=9ee8b34d09b9d9081a783ce92569fc5577a41f26313154fd68146fa727e156ba (from https://pypi.org/simple/nltk/); unknown archive format: .exe
    Found link https://files.pythonhosted.org/packages/c8/42/97970fac16345ad8c7b4ba7ff5bbdb50e169b2d7ad4955edbe8bbdcfc3cc/nltk-3.0.1.zip#sha256=68cc159f0e147f5f72b369cad594249e33f0ca38a7c5d0cab4ba9d103b72eef2 (from https://pypi.org/simple/nltk/), version: 3.0.1
    Found link https://files.pythonhosted.org/packages/06/85/4ac5762ba85980b4250931d80d1d1ea3917de2f13c56d2c270a4b902ecd0/nltk-3.0.2.tar.gz#sha256=f1e8489f728841bb87e59a40acdbabf0b7525a8b09c86c9fd313c1b292b35d2f (from https://pypi.org/simple/nltk/), version: 3.0.2
    Skipping link https://files.pythonhosted.org/packages/62/f8/95cb8ed1e341fa401598945ef91d247fd13eba051d0fca0d9bd75b78d1a2/nltk-3.0.2.win32.exe#sha256=0b16f6d134f77878120b3bedfaff2c05c943613c2e35bc774bf32e2ea228dd81 (from https://pypi.org/simple/nltk/); unknown archive format: .exe
    Found link https://files.pythonhosted.org/packages/db/be/24e6440137bee8d3a7001f57db5bfb7ae7167431028a091e685f9e1f46cc/nltk-3.0.2.zip#sha256=ee47a919d96fef679508034cc9fa7641fe26712f1da8e188fb14b729f1470adc (from https://pypi.org/simple/nltk/), version: 3.0.2
    Found link https://files.pythonhosted.org/packages/69/3e/b5e0e0210931539a3f77e0537e2e462b929b019a723895bd69357ad20bc3/nltk-3.0.3.tar.gz#sha256=28d6175984445b9cdcc719f36701f034320edbecb78b69a37d1edc876843ea93 (from https://pypi.org/simple/nltk/), version: 3.0.3
    Skipping link https://files.pythonhosted.org/packages/99/5c/a943c6e41804909e4465facfb6cc59d341023d85e25ed03be6c0af871694/nltk-3.0.3.win32.exe#sha256=6ab0f55edea68f78360c147fddb306eee7f643a17d6902f3395a570ed877106f (from https://pypi.org/simple/nltk/); unknown archive format: .exe
    Found link https://files.pythonhosted.org/packages/4c/2e/bb90c0001d4e7645c0c40ba321b6bdfae31410c610cfeed5c005680ac10c/nltk-3.0.3.zip#sha256=91495b4073130c6a6d6253877674eeedba2d03ee862a62f5a87e55fbb899d534 (from https://pypi.org/simple/nltk/), version: 3.0.3
    Found link https://files.pythonhosted.org/packages/e0/d1/18d2444601f2a5c4883c03a5c65330d0eea8b2751930678eee8b7e563d63/nltk-3.0.4.tar.gz#sha256=e072397ed20ded6511ed97799f7c947536500b80961a1b1d164c228b8009f351 (from https://pypi.org/simple/nltk/), version: 3.0.4
    Skipping link https://files.pythonhosted.org/packages/ff/7c/f342a8418f134a06892f2ba34fb04bc39b6c80445be13ec458e9d1c0c623/nltk-3.0.4.win32.exe#sha256=28abadd2a504f7e210d9a23814f989dcff0358a87b158a20d4e0d888005eb009 (from https://pypi.org/simple/nltk/); unknown archive format: .exe
    Found link https://files.pythonhosted.org/packages/1e/f9/8630b0a0582acecc57c4afb5885f63487775215895a8c6dc2c27992f9cdd/nltk-3.0.4.zip#sha256=c905397b298fc8888dc3d14c9e987ce9addde41bdf2867a807491cee01c1a621 (from https://pypi.org/simple/nltk/), version: 3.0.4
    Found link https://files.pythonhosted.org/packages/b4/f7/2028842a982c048328215dc6b9a2600bf65fad084c5c0aaa246b03414df3/nltk-3.0.5.tar.gz#sha256=47d88e91de0779ba40b6b4c3cbabd8abcf554fe81ecc97affd05ed6542ad7aad (from https://pypi.org/simple/nltk/), version: 3.0.5
    Skipping link https://files.pythonhosted.org/packages/0b/6a/c09f444bdd4cf5f8ac6ea4235b36ba6343f3e0f4c1af5988f28120d538d1/nltk-3.0.5.win32.exe#sha256=2a0cbf152b5c0ce5055a7f639215f324226b820f57c938b97341ec03845f7c3a (from https://pypi.org/simple/nltk/); unknown archive format: .exe
    Found link https://files.pythonhosted.org/packages/2d/06/e59be31cad2bfd53c1e637187b4fda8d9431c6bd793902aceadb6a23ac37/nltk-3.0.5.zip#sha256=ecb517f419f3b52b15fb321c8829a978fd5094e403a667a7636ea6b22495f6b3 (from https://pypi.org/simple/nltk/), version: 3.0.5
    Found link https://files.pythonhosted.org/packages/d9/a0/c7c140c0fa1dec64e65de926607e870b523670fafac25600507ad83bbddb/nltk-3.1.tar.gz#sha256=ed4b14b234ed2ee6264c19c276113594671c5960e3adb0628d255283cb2e0a8c (from https://pypi.org/simple/nltk/), version: 3.1
    Skipping link https://files.pythonhosted.org/packages/9c/09/1087e07e9bb68930c5571fbcfc9cce13b5dda678bae8a1b27079be2c7659/nltk-3.1.win32.exe#sha256=250fa66d508e1b4e9a5674d4c93ed7efe4e63e5224feb324f2c7a78379eeada8 (from https://pypi.org/simple/nltk/); unknown archive format: .exe
    Found link https://files.pythonhosted.org/packages/57/82/f795c2d19df43c09fb4f918ba2eede6ae008bd72e953ec096eee73875993/nltk-3.1.zip#sha256=1830ec883be246e4e5773b12ce6c8c11904b2aa2acb40247409d51042f4e9809 (from https://pypi.org/simple/nltk/), version: 3.1
    Found link https://files.pythonhosted.org/packages/f7/39/64085c900493000bbc3d101929a58d6f28b8f43219cff7b50df7d73843a8/nltk-3.2.tar.gz#sha256=cdbf05a212c5ac8ad2fe0eb65a5399ec6979f97206ddfac5e358a0feecec60bc (from https://pypi.org/simple/nltk/), version: 3.2
    Skipping link https://files.pythonhosted.org/packages/c4/5d/35ac18972a48b89e3cdf5154264842a075119a945816f302065085cf45e7/nltk-3.2.win32.exe#sha256=2f72dd8b9336702e3b16e095ac1f1fa6d36e0ab1929f167fb31bd5ac04061eca (from https://pypi.org/simple/nltk/); unknown archive format: .exe
    Found link https://files.pythonhosted.org/packages/fb/85/04b783ad931e3ea2de0b79026deb7be27bc332f0bd7171b965dab5544646/nltk-3.2.zip#sha256=ae77e22bc4918cc2f970f70694d2f7c978aa4bddd1bea01b19bb9fa5cb4a10b8 (from https://pypi.org/simple/nltk/), version: 3.2
    Found link https://files.pythonhosted.org/packages/58/85/8fa6f8c488507aab7d6234ce754bbbe61bfeb8382489785e2d764bf8f52a/nltk-3.2.1.tar.gz#sha256=d5533b2d7106ba33d1431a3e77b903c58f07433f0ea8f7a7bc9af2ea2d5c7d6a (from https://pypi.org/simple/nltk/), version: 3.2.1
    Skipping link https://files.pythonhosted.org/packages/90/77/3dc34a61f225b31eba665a8e6d82b8d358629850481e93500726cc461767/nltk-3.2.1.win32.exe#sha256=40782d6cf6675f29db4bd01817e507c4ca17ca6e3256d3e7607b070668e261cc (from https://pypi.org/simple/nltk/); unknown archive format: .exe
    Found link https://files.pythonhosted.org/packages/de/21/d6858ac9cbdf3c12b8713de7e95751941c3db94420b1e8389f3ff868815a/nltk-3.2.1.zip#sha256=793ead6ef526a1e4c747e9635dc2d3753f4a410f18e8fa13f830dfcc0350727d (from https://pypi.org/simple/nltk/), version: 3.2.1
    Found link https://files.pythonhosted.org/packages/13/ce/cba8bf82c8ab538d444ea4ab6f4eb1d80340c7b737d7a8d1f08b429fccae/nltk-3.2.2.tar.gz#sha256=1b37db344770021c9be3d68f48d1667a8dae6eeff0e502b7bfb01638d288a88e (from https://pypi.org/simple/nltk/), version: 3.2.2
    Skipping link https://files.pythonhosted.org/packages/2a/27/ad67e523fbd276e539a7b3cea1dc53bf1cfe28d16264d01e962b53b21614/nltk-3.2.2.win32.exe#sha256=e0c7b9be56cf5964fcc1c0b88c27fd128f90e05cd48d3b73d05a94183508eb9f (from https://pypi.org/simple/nltk/); unknown archive format: .exe
    Found link https://files.pythonhosted.org/packages/af/db/04baa1b45cd141f1a867a95f7766a0bbda00590cdea9b695010f92682b26/nltk-3.2.3.tar.gz#sha256=8734e180ba255562971aca8881f330201666e6ac63c8a1cd853e067eb827bcb1 (from https://pypi.org/simple/nltk/), version: 3.2.3
    Skipping link https://files.pythonhosted.org/packages/50/48/1bbb04976dc2d7569906671038c802c06479fdad60ea0eeb5f4d32570eb6/nltk-3.2.3.win32.exe#sha256=ebe91f6e7dea1c63394e07e85b8a40027c4f58f0ba95df62409660bba3f72da7 (from https://pypi.org/simple/nltk/); unknown archive format: .exe
    Found link https://files.pythonhosted.org/packages/cd/c2/858e0708b497116ae45cf5c6b1f66984ac60729c61e49df6c1c0b808d1e4/nltk-3.2.4.tar.gz#sha256=8682ae52f5de4f2ba7b77bd78222a38575ad01ef29946214b254dfdf93a3a0eb (from https://pypi.org/simple/nltk/), version: 3.2.4
    Skipping link https://files.pythonhosted.org/packages/26/01/0330e3ba13628827f10fcd6c3c8d778a5aa3e4d0a09d05619f074ba2d87e/nltk-3.2.4.win32.exe#sha256=e8c03898fa5bedf29ac93f688a3c26b049e10d563287927afb293aefff872bf4 (from https://pypi.org/simple/nltk/); unknown archive format: .exe
    Found link https://files.pythonhosted.org/packages/cc/87/76e691bbf1759ad6af5831649aae6a8d2fa184a1bcc71018ca6300399e5f/nltk-3.2.5.tar.gz#sha256=2661f9971d983db314bbebd51ba770811a362c6597fd0f303bb1d3beadcb4834 (from https://pypi.org/simple/nltk/), version: 3.2.5
    Skipping link https://files.pythonhosted.org/packages/4c/0a/b462e417b47cdfaed41552f987854b6fbc968205429f52ec96d6fb10ed76/nltk-3.2.5.win32.exe#sha256=8a3bad9ff7f67d2828a7915c2fab93e6ca910c2015ef40799e1805fccf2354e5 (from https://pypi.org/simple/nltk/); unknown archive format: .exe
    Skipping link https://files.pythonhosted.org/packages/9c/aa/d0fd397934cd00594bd12c905e8a3c2de556cb1282ea695efb302ae87cd5/nltk-3.3.0.win32.exe#sha256=687cd9c09fcb68058436f9952964e758673c7baccb7a322470f8c1b284e33cee (from https://pypi.org/simple/nltk/); unknown archive format: .exe
    Found link https://files.pythonhosted.org/packages/50/09/3b1755d528ad9156ee7243d52aa5cd2b809ef053a0f31b53d92853dd653a/nltk-3.3.0.zip#sha256=fe0eda251be65843be86d7de9abfbf7161732256f742e623b21243ec47bdb718 (from https://pypi.org/simple/nltk/), version: 3.3.0
    Skipping link https://files.pythonhosted.org/packages/67/dc/0c1c5f8cfc0dfde6aa710c830d54d9366abbbadf528e9fc4b998d2ec854a/nltk-3.4.win32.exe#sha256=e51590c0bf2d9dcb7ce088b03e4f42c94e7cdd2a372c724320dfa8b19de77609 (from https://pypi.org/simple/nltk/); unknown archive format: .exe
    Found link https://files.pythonhosted.org/packages/6f/ed/9c755d357d33bc1931e157f537721efb5b88d2c583fe593cc09603076cc3/nltk-3.4.zip#sha256=286f6797204ffdb52525a1d21ec0a221ec68b8e3fa4f2d25f412ac8e63c70e8d (from https://pypi.org/simple/nltk/), version: 3.4
  Ignoring link https://files.pythonhosted.org/packages/6b/4e/048a00445a157d1903dcea51357777eac71b2dadfb2de91ea477d4b57a1e/nltk-2.0.1rc2-git.tar.gz#sha256=23fdfc71f2b3914d435c0f4ef922ce97f98e8ddc1d2cd89a5ef264579ba447ae (from https://pypi.org/simple/nltk/), version 2.0.1rc2-git is a pre-release (use --pre to allow).
  Ignoring link https://files.pythonhosted.org/packages/54/7e/b9345aeb41e0720e0ec29f4bc7dc4bde4fa4108a22b631c269d793e18465/nltk-2.0b4.tar.gz#sha256=9e6be4a7f13cb21a376951f07ecb4fff2b7d597164feac607c758f08a62afcf8 (from https://pypi.org/simple/nltk/), version 2.0b4 is a pre-release (use --pre to allow).
  Ignoring link https://files.pythonhosted.org/packages/33/aa/159318481aa172c476f57492eb043177b3ab50e2c1895f3b14bdae42bd94/nltk-2.0b5.tar.gz#sha256=c16338bae20378e29ed8afba48ee0c013563afa46aeb8f2e139bc6c9ef72110f (from https://pypi.org/simple/nltk/), version 2.0b5 is a pre-release (use --pre to allow).
  Ignoring link https://files.pythonhosted.org/packages/d6/93/3ed4a138b804255cb91a9c5730584fb76f233aee04bae1707d2233088df3/nltk-2.0b6.tar.gz#sha256=364ce3d52052a7f8c6d0e0a2825564e999c5614c84d9a35c6c727aca6211635d (from https://pypi.org/simple/nltk/), version 2.0b6 is a pre-release (use --pre to allow).
  Ignoring link https://files.pythonhosted.org/packages/dd/71/c976e54dc7f7af84622955cf5c5b1863cab815979c930add7eb4095db8b7/nltk-2.0b7.tar.gz#sha256=1154c13218a5bf6dd1db024b161d1f0caf5341af298c8a40bc9b2c27d9dff7fa (from https://pypi.org/simple/nltk/), version 2.0b7 is a pre-release (use --pre to allow).
  Ignoring link https://files.pythonhosted.org/packages/d6/b2/62b3391d7bf83d2e444c3770aa98fc67d3665d4a710ce66c839233aabe88/nltk-2.0b8.macosx-10.5-i386.tar.gz#sha256=c2bedb0848f5945c6082354fb42998da47d2cda631cbb273be3090528fa64254 (from https://pypi.org/simple/nltk/), version 2.0b8.macosx-10.5-i386 is a pre-release (use --pre to allow).
  Ignoring link https://files.pythonhosted.org/packages/22/6f/ebe947043efc09a7b87601341b69c9f41577bef1091c18dae23fe82394b7/nltk-2.0b8.tar.gz#sha256=7b33f0ba998f42ff4517e988bd7d735dcd41a9d4dbab9231737da678d19662f2 (from https://pypi.org/simple/nltk/), version 2.0b8 is a pre-release (use --pre to allow).
  Ignoring link https://files.pythonhosted.org/packages/ea/b3/4c5157bf034437905fbbd3c80e58c8b4a22cf3400db0bdf19dae3079a732/nltk-2.0b9.tar.gz#sha256=2d7fda1ad0f686bc1da3534ee8dbf6fa064183ecce64435591977f828dd28c09 (from https://pypi.org/simple/nltk/), version 2.0b9 is a pre-release (use --pre to allow).
  Ignoring link https://files.pythonhosted.org/packages/61/eb/cffac9e82b1d453ce3a8fd1f169be9978d9dcd9fe8ba6b1921e073b791b3/nltk-2.0.1rc1.macosx-10.6-x86_64.tar.gz#sha256=53e2ee72ccd02137c5020d2aaac16e2ebd4da0138bb64bff032bba708256c3f5 (from https://pypi.org/simple/nltk/), version 2.0.1rc1.macosx-10.6-x86_64 is a pre-release (use --pre to allow).
  Ignoring link https://files.pythonhosted.org/packages/23/3b/a79b2a03eda708928ab397c0a80825fee443ef64b41a4bf274ecd36ce5ec/nltk-2.0.1rc1.tar.gz#sha256=b595a204495292aa820c5ebc612464ec2ee8a7df3bcddd5392ccc8e886fec534 (from https://pypi.org/simple/nltk/), version 2.0.1rc1 is a pre-release (use --pre to allow).
  Ignoring link https://files.pythonhosted.org/packages/45/1e/411cb6c8bf5b67c0b8a310da96e299459e391298eb6f3505a87dcdce03d8/nltk-2.0.1rc3.tar.gz#sha256=7cd8fee55010362ef7fc2827a3f4e975f2bf5f1734427d774074789ab5afcc80 (from https://pypi.org/simple/nltk/), version 2.0.1rc3 is a pre-release (use --pre to allow).
  Ignoring link https://files.pythonhosted.org/packages/0d/08/c155a3fe9479a41d836dfbff5952e61e1f2e66a40c57edf500303eb6f6b8/nltk-2.0.1rc3.zip#sha256=d13b81e3d70eff448c6769aa95edc6dacc62a4ac1f0c9ed0173698e5deffde11 (from https://pypi.org/simple/nltk/), version 2.0.1rc3 is a pre-release (use --pre to allow).
  Ignoring link https://files.pythonhosted.org/packages/28/ff/c5eef30ebac50abbfe3f9529953931cea24d230e44ce18e3a6f56aca29ef/nltk-2.0.1rc4.tar.gz#sha256=89a07c5fdd017ee4de94bebad3c6a74bfc15c32ba9d4a0a0dd512319af3eb7b7 (from https://pypi.org/simple/nltk/), version 2.0.1rc4 is a pre-release (use --pre to allow).
  Ignoring link https://files.pythonhosted.org/packages/e5/03/c6998361accea07bf4e9ff75f45237296151687a5d373c8a3ab3a092fd48/nltk-2.0.1rc4.zip#sha256=a7c552377127e783063b60f4083024ca529808c0aa288d322576f8985e1cd6d9 (from https://pypi.org/simple/nltk/), version 2.0.1rc4 is a pre-release (use --pre to allow).
  Ignoring link https://files.pythonhosted.org/packages/f2/85/cd15012fdfeddf229cac9caef5730fcaa8cbefe300a853c98f1d83973d4a/nltk-3.0.0b1.tar.gz#sha256=87fe243d16fe2a8e59fb06d7ad2c1c3e8b83c9821df7726dcf59aeec5f81422e (from https://pypi.org/simple/nltk/), version 3.0.0b1 is a pre-release (use --pre to allow).
  Ignoring link https://files.pythonhosted.org/packages/86/1f/db5bb699d1c8f5d6e3446f5bb78da6b335217cb959a576d25191cdb44df8/nltk-3.0.0b1.zip#sha256=f6bb3baba36721fdb0c9a0a165e834fac49390eeeffbd526a78309f9000b1396 (from https://pypi.org/simple/nltk/), version 3.0.0b1 is a pre-release (use --pre to allow).
  Ignoring link https://files.pythonhosted.org/packages/45/1b/1b424a3af9bfb82c8649fa4ac5bffad0818194114268c34e20e1913d31b5/nltk-3.0.0b2.tar.gz#sha256=1af976f91ea44da8d7bfa13721ee89116b3d0907363a697c77cb2e9a57d559f3 (from https://pypi.org/simple/nltk/), version 3.0.0b2 is a pre-release (use --pre to allow).
  Ignoring link https://files.pythonhosted.org/packages/cc/43/6ecd92f0736b26cb9a3d51f30457a4a116630e06a0d47c8c30e776da0eb6/nltk-3.0.0b2.zip#sha256=f2e539dc2306a0a629a2ddc6a6a4f19703a68157b51d95b5e7117760167e105b (from https://pypi.org/simple/nltk/), version 3.0.0b2 is a pre-release (use --pre to allow).
  Using version 3.4 (newest of versions: 3.4, 3.3.0, 3.2.5, 3.2.4, 3.2.3, 3.2.2, 3.2.1, 3.2.1, 3.2, 3.2, 3.1, 3.1, 3.0.5, 3.0.5, 3.0.4, 3.0.4, 3.0.3, 3.0.3, 3.0.2, 3.0.2, 3.0.1, 3.0.1, 3.0.0, 3.0.0, 2.0.5, 2.0.5, 2.0.4, 2.0.4, 2.0.3, 2.0.3, 2.0.2, 2.0.2, 2.0.1, 2.0.1)
  Downloading from URL https://files.pythonhosted.org/packages/6f/ed/9c755d357d33bc1931e157f537721efb5b88d2c583fe593cc09603076cc3/nltk-3.4.zip#sha256=286f6797204ffdb52525a1d21ec0a221ec68b8e3fa4f2d25f412ac8e63c70e8d (from https://pypi.org/simple/nltk/)
  Running setup.py (path:/tmp/pip_build_ubuntu/nltk/setup.py) egg_info for package nltk
    running egg_info
    creating pip-egg-info/nltk.egg-info
    writing top-level names to pip-egg-info/nltk.egg-info/top_level.txt
    writing requirements to pip-egg-info/nltk.egg-info/requires.txt
    writing pip-egg-info/nltk.egg-info/PKG-INFO
    writing dependency_links to pip-egg-info/nltk.egg-info/dependency_links.txt
    writing manifest file 'pip-egg-info/nltk.egg-info/SOURCES.txt'
    warning: manifest_maker: standard file '-c' not found
    
    reading manifest file 'pip-egg-info/nltk.egg-info/SOURCES.txt'
    reading manifest template 'MANIFEST.in'
    warning: no files found matching 'README.txt'
    warning: no files found matching 'Makefile' under directory '*.txt'
    warning: no previously-included files matching '*~' found anywhere in distribution
    writing manifest file 'pip-egg-info/nltk.egg-info/SOURCES.txt'
  Source in /tmp/pip_build_ubuntu/nltk has version 3.4, which satisfies requirement nltk
  skipping extra plot
  skipping extra corenlp
  skipping extra machine_learning
  skipping extra machine_learning
  skipping extra machine_learning
  skipping extra machine_learning
  skipping extra machine_learning
  skipping extra tgrep
  skipping extra all
  skipping extra all
  skipping extra all
  skipping extra all
  skipping extra all
  skipping extra all
  skipping extra all
  skipping extra all
  skipping extra all
  skipping extra twitter
Requirement already satisfied (use --upgrade to upgrade): six in /usr/lib/python3/dist-packages (from nltk)
Downloading/unpacking singledispatch (from nltk)
  Getting page https://pypi.python.org/simple/singledispatch/
  URLs to search for versions for singledispatch (from nltk):
  * https://pypi.python.org/simple/singledispatch/
  Analyzing links from page https://pypi.org/simple/singledispatch/
    Found link https://files.pythonhosted.org/packages/57/df/c1384cd9f62842b0a9db726ff1b0c538a3a2c1d507991ab63b7c09b5a045/singledispatch-3.4.0.0.tar.gz#sha256=b9786c548b3dae01406ea66ae87b529da4cb708c6d71ead84e1ec5c1f5b5fe9e (from https://pypi.org/simple/singledispatch/), version: 3.4.0.0
    Found link https://files.pythonhosted.org/packages/d9/9e/ac56d938b6af99122ab82b792b03794098a407bbf8755f6439fadd665d48/singledispatch-3.4.0.1.tar.gz#sha256=977476f2c4a149c808844a9e800d68d5ed0f7af35a8749bbae3f6b3293d8c922 (from https://pypi.org/simple/singledispatch/), version: 3.4.0.1
    Found link https://files.pythonhosted.org/packages/ca/b4/aa1fe53f789bd1b475218a2cb8ed5a13ad52c6bf23fc78e969f3bdd59353/singledispatch-3.4.0.2-py3-none-any.whl#sha256=09199b85a954a691a465e9bd5246e6b8cdc580f13ffef074e8a674799efcffef (from https://pypi.org/simple/singledispatch/), version: 3.4.0.2
    Found link https://files.pythonhosted.org/packages/40/47/f4e53374f4a1d1f4aa0f88c9d57ac3483510ba319a108b9cf59a5267fec6/singledispatch-3.4.0.2.tar.gz#sha256=4bdd0307cae0d13abb0546df1ab85201b9067090d191e33387e27e1463a7bfd5 (from https://pypi.org/simple/singledispatch/), version: 3.4.0.2
    Found link https://files.pythonhosted.org/packages/c5/10/369f50bcd4621b263927b0a1519987a04383d4a98fb10438042ad410cf88/singledispatch-3.4.0.3-py2.py3-none-any.whl#sha256=833b46966687b3de7f438c761ac475213e53b306740f1abfaa86e1d1aae56aa8 (from https://pypi.org/simple/singledispatch/), version: 3.4.0.3
    Found link https://files.pythonhosted.org/packages/d9/e9/513ad8dc17210db12cb14f2d4d190d618fb87dd38814203ea71c87ba5b68/singledispatch-3.4.0.3.tar.gz#sha256=5b06af87df13818d14f08a028e42f566640aef80805c3b50c5056b086e3c2b9c (from https://pypi.org/simple/singledispatch/), version: 3.4.0.3
  Using version 3.4.0.3 (newest of versions: 3.4.0.3, 3.4.0.3, 3.4.0.2, 3.4.0.2, 3.4.0.1, 3.4.0.0)
  Downloading singledispatch-3.4.0.3-py2.py3-none-any.whl
  Downloading from URL https://files.pythonhosted.org/packages/c5/10/369f50bcd4621b263927b0a1519987a04383d4a98fb10438042ad410cf88/singledispatch-3.4.0.3-py2.py3-none-any.whl#sha256=833b46966687b3de7f438c761ac475213e53b306740f1abfaa86e1d1aae56aa8 (from https://pypi.org/simple/singledispatch/)
Installing collected packages: nltk, singledispatch
  Running setup.py install for nltk
    Running command /usr/bin/python3 -c "import setuptools, tokenize;__file__='/tmp/pip_build_ubuntu/nltk/setup.py';exec(compile(getattr(tokenize, 'open', open)(__file__).read().replace('\r\n', '\n'), __file__, 'exec'))" install --record /tmp/pip-iqe1xtoy-record/install-record.txt --single-version-externally-managed --compile
    running install
    running build
    running build_py
    creating build
    creating build/lib
    creating build/lib/nltk
    copying nltk/probability.py -> build/lib/nltk
    copying nltk/util.py -> build/lib/nltk
    copying nltk/compat.py -> build/lib/nltk
    copying nltk/collections.py -> build/lib/nltk
    copying nltk/internals.py -> build/lib/nltk
    copying nltk/tgrep.py -> build/lib/nltk
    copying nltk/featstruct.py -> build/lib/nltk
    copying nltk/book.py -> build/lib/nltk
    copying nltk/lazyimport.py -> build/lib/nltk
    copying nltk/grammar.py -> build/lib/nltk
    copying nltk/downloader.py -> build/lib/nltk
    copying nltk/text.py -> build/lib/nltk
    copying nltk/treeprettyprinter.py -> build/lib/nltk
    copying nltk/help.py -> build/lib/nltk
    copying nltk/decorators.py -> build/lib/nltk
    copying nltk/collocations.py -> build/lib/nltk
    copying nltk/treetransforms.py -> build/lib/nltk
    copying nltk/jsontags.py -> build/lib/nltk
    copying nltk/wsd.py -> build/lib/nltk
    copying nltk/data.py -> build/lib/nltk
    copying nltk/tree.py -> build/lib/nltk
    copying nltk/toolbox.py -> build/lib/nltk
    copying nltk/__init__.py -> build/lib/nltk
    creating build/lib/nltk/chunk
    copying nltk/chunk/util.py -> build/lib/nltk/chunk
    copying nltk/chunk/regexp.py -> build/lib/nltk/chunk
    copying nltk/chunk/api.py -> build/lib/nltk/chunk
    copying nltk/chunk/__init__.py -> build/lib/nltk/chunk
    copying nltk/chunk/named_entity.py -> build/lib/nltk/chunk
    creating build/lib/nltk/classify
    copying nltk/classify/util.py -> build/lib/nltk/classify
    copying nltk/classify/scikitlearn.py -> build/lib/nltk/classify
    copying nltk/classify/megam.py -> build/lib/nltk/classify
    copying nltk/classify/textcat.py -> build/lib/nltk/classify
    copying nltk/classify/weka.py -> build/lib/nltk/classify
    copying nltk/classify/maxent.py -> build/lib/nltk/classify
    copying nltk/classify/naivebayes.py -> build/lib/nltk/classify
    copying nltk/classify/tadm.py -> build/lib/nltk/classify
    copying nltk/classify/svm.py -> build/lib/nltk/classify
    copying nltk/classify/positivenaivebayes.py -> build/lib/nltk/classify
    copying nltk/classify/decisiontree.py -> build/lib/nltk/classify
    copying nltk/classify/rte_classify.py -> build/lib/nltk/classify
    copying nltk/classify/senna.py -> build/lib/nltk/classify
    copying nltk/classify/api.py -> build/lib/nltk/classify
    copying nltk/classify/__init__.py -> build/lib/nltk/classify
    creating build/lib/nltk/twitter
    copying nltk/twitter/util.py -> build/lib/nltk/twitter
    copying nltk/twitter/twitterclient.py -> build/lib/nltk/twitter
    copying nltk/twitter/common.py -> build/lib/nltk/twitter
    copying nltk/twitter/twitter_demo.py -> build/lib/nltk/twitter
    copying nltk/twitter/api.py -> build/lib/nltk/twitter
    copying nltk/twitter/__init__.py -> build/lib/nltk/twitter
    creating build/lib/nltk/parse
    copying nltk/parse/util.py -> build/lib/nltk/parse
    copying nltk/parse/evaluate.py -> build/lib/nltk/parse
    copying nltk/parse/projectivedependencyparser.py -> build/lib/nltk/parse
    copying nltk/parse/recursivedescent.py -> build/lib/nltk/parse
    copying nltk/parse/generate.py -> build/lib/nltk/parse
    copying nltk/parse/corenlp.py -> build/lib/nltk/parse
    copying nltk/parse/dependencygraph.py -> build/lib/nltk/parse
    copying nltk/parse/nonprojectivedependencyparser.py -> build/lib/nltk/parse
    copying nltk/parse/earleychart.py -> build/lib/nltk/parse
    copying nltk/parse/stanford.py -> build/lib/nltk/parse
    copying nltk/parse/pchart.py -> build/lib/nltk/parse
    copying nltk/parse/featurechart.py -> build/lib/nltk/parse
    copying nltk/parse/transitionparser.py -> build/lib/nltk/parse
    copying nltk/parse/bllip.py -> build/lib/nltk/parse
    copying nltk/parse/viterbi.py -> build/lib/nltk/parse
    copying nltk/parse/shiftreduce.py -> build/lib/nltk/parse
    copying nltk/parse/malt.py -> build/lib/nltk/parse
    copying nltk/parse/chart.py -> build/lib/nltk/parse
    copying nltk/parse/api.py -> build/lib/nltk/parse
    copying nltk/parse/__init__.py -> build/lib/nltk/parse
    creating build/lib/nltk/stem
    copying nltk/stem/util.py -> build/lib/nltk/stem
    copying nltk/stem/isri.py -> build/lib/nltk/stem
    copying nltk/stem/arlstem.py -> build/lib/nltk/stem
    copying nltk/stem/porter.py -> build/lib/nltk/stem
    copying nltk/stem/rslp.py -> build/lib/nltk/stem
    copying nltk/stem/wordnet.py -> build/lib/nltk/stem
    copying nltk/stem/snowball.py -> build/lib/nltk/stem
    copying nltk/stem/regexp.py -> build/lib/nltk/stem
    copying nltk/stem/cistem.py -> build/lib/nltk/stem
    copying nltk/stem/lancaster.py -> build/lib/nltk/stem
    copying nltk/stem/api.py -> build/lib/nltk/stem
    copying nltk/stem/__init__.py -> build/lib/nltk/stem
    creating build/lib/nltk/chat
    copying nltk/chat/zen.py -> build/lib/nltk/chat
    copying nltk/chat/util.py -> build/lib/nltk/chat
    copying nltk/chat/suntsu.py -> build/lib/nltk/chat
    copying nltk/chat/rude.py -> build/lib/nltk/chat
    copying nltk/chat/eliza.py -> build/lib/nltk/chat
    copying nltk/chat/iesha.py -> build/lib/nltk/chat
    copying nltk/chat/__init__.py -> build/lib/nltk/chat
    creating build/lib/nltk/misc
    copying nltk/misc/minimalset.py -> build/lib/nltk/misc
    copying nltk/misc/wordfinder.py -> build/lib/nltk/misc
    copying nltk/misc/sort.py -> build/lib/nltk/misc
    copying nltk/misc/chomsky.py -> build/lib/nltk/misc
    copying nltk/misc/babelfish.py -> build/lib/nltk/misc
    copying nltk/misc/__init__.py -> build/lib/nltk/misc
    creating build/lib/nltk/tokenize
    copying nltk/tokenize/util.py -> build/lib/nltk/tokenize
    copying nltk/tokenize/toktok.py -> build/lib/nltk/tokenize
    copying nltk/tokenize/casual.py -> build/lib/nltk/tokenize
    copying nltk/tokenize/stanford_segmenter.py -> build/lib/nltk/tokenize
    copying nltk/tokenize/simple.py -> build/lib/nltk/tokenize
    copying nltk/tokenize/repp.py -> build/lib/nltk/tokenize
    copying nltk/tokenize/stanford.py -> build/lib/nltk/tokenize
    copying nltk/tokenize/punkt.py -> build/lib/nltk/tokenize
    copying nltk/tokenize/sexpr.py -> build/lib/nltk/tokenize
    copying nltk/tokenize/mwe.py -> build/lib/nltk/tokenize
    copying nltk/tokenize/treebank.py -> build/lib/nltk/tokenize
    copying nltk/tokenize/texttiling.py -> build/lib/nltk/tokenize
    copying nltk/tokenize/regexp.py -> build/lib/nltk/tokenize
    copying nltk/tokenize/nist.py -> build/lib/nltk/tokenize
    copying nltk/tokenize/api.py -> build/lib/nltk/tokenize
    copying nltk/tokenize/__init__.py -> build/lib/nltk/tokenize
    creating build/lib/nltk/tbl
    copying nltk/tbl/feature.py -> build/lib/nltk/tbl
    copying nltk/tbl/rule.py -> build/lib/nltk/tbl
    copying nltk/tbl/erroranalysis.py -> build/lib/nltk/tbl
    copying nltk/tbl/template.py -> build/lib/nltk/tbl
    copying nltk/tbl/demo.py -> build/lib/nltk/tbl
    copying nltk/tbl/api.py -> build/lib/nltk/tbl
    copying nltk/tbl/__init__.py -> build/lib/nltk/tbl
    creating build/lib/nltk/tag
    copying nltk/tag/util.py -> build/lib/nltk/tag
    copying nltk/tag/mapping.py -> build/lib/nltk/tag
    copying nltk/tag/perceptron.py -> build/lib/nltk/tag
    copying nltk/tag/stanford.py -> build/lib/nltk/tag
    copying nltk/tag/brill.py -> build/lib/nltk/tag
    copying nltk/tag/sequential.py -> build/lib/nltk/tag
    copying nltk/tag/hunpos.py -> build/lib/nltk/tag
    copying nltk/tag/tnt.py -> build/lib/nltk/tag
    copying nltk/tag/hmm.py -> build/lib/nltk/tag
    copying nltk/tag/brill_trainer.py -> build/lib/nltk/tag
    copying nltk/tag/crf.py -> build/lib/nltk/tag
    copying nltk/tag/senna.py -> build/lib/nltk/tag
    copying nltk/tag/api.py -> build/lib/nltk/tag
    copying nltk/tag/__init__.py -> build/lib/nltk/tag
    creating build/lib/nltk/sentiment
    copying nltk/sentiment/util.py -> build/lib/nltk/sentiment
    copying nltk/sentiment/vader.py -> build/lib/nltk/sentiment
    copying nltk/sentiment/sentiment_analyzer.py -> build/lib/nltk/sentiment
    copying nltk/sentiment/__init__.py -> build/lib/nltk/sentiment
    creating build/lib/nltk/cluster
    copying nltk/cluster/util.py -> build/lib/nltk/cluster
    copying nltk/cluster/gaac.py -> build/lib/nltk/cluster
    copying nltk/cluster/em.py -> build/lib/nltk/cluster
    copying nltk/cluster/kmeans.py -> build/lib/nltk/cluster
    copying nltk/cluster/api.py -> build/lib/nltk/cluster
    copying nltk/cluster/__init__.py -> build/lib/nltk/cluster
    creating build/lib/nltk/test
    copying nltk/test/runtests.py -> build/lib/nltk/test
    copying nltk/test/nonmonotonic_fixt.py -> build/lib/nltk/test
    copying nltk/test/semantics_fixt.py -> build/lib/nltk/test
    copying nltk/test/compat_fixt.py -> build/lib/nltk/test
    copying nltk/test/discourse_fixt.py -> build/lib/nltk/test
    copying nltk/test/childes_fixt.py -> build/lib/nltk/test
    copying nltk/test/gensim_fixt.py -> build/lib/nltk/test
    copying nltk/test/all.py -> build/lib/nltk/test
    copying nltk/test/classify_fixt.py -> build/lib/nltk/test
    copying nltk/test/doctest_nose_plugin.py -> build/lib/nltk/test
    copying nltk/test/probability_fixt.py -> build/lib/nltk/test
    copying nltk/test/segmentation_fixt.py -> build/lib/nltk/test
    copying nltk/test/portuguese_en_fixt.py -> build/lib/nltk/test
    copying nltk/test/inference_fixt.py -> build/lib/nltk/test
    copying nltk/test/corpus_fixt.py -> build/lib/nltk/test
    copying nltk/test/gluesemantics_malt_fixt.py -> build/lib/nltk/test
    copying nltk/test/translate_fixt.py -> build/lib/nltk/test
    copying nltk/test/__init__.py -> build/lib/nltk/test
    copying nltk/test/wordnet_fixt.py -> build/lib/nltk/test
    creating build/lib/nltk/lm
    copying nltk/lm/util.py -> build/lib/nltk/lm
    copying nltk/lm/vocabulary.py -> build/lib/nltk/lm
    copying nltk/lm/counter.py -> build/lib/nltk/lm
    copying nltk/lm/smoothing.py -> build/lib/nltk/lm
    copying nltk/lm/preprocessing.py -> build/lib/nltk/lm
    copying nltk/lm/models.py -> build/lib/nltk/lm
    copying nltk/lm/api.py -> build/lib/nltk/lm
    copying nltk/lm/__init__.py -> build/lib/nltk/lm
    creating build/lib/nltk/app
    copying nltk/app/rdparser_app.py -> build/lib/nltk/app
    copying nltk/app/srparser_app.py -> build/lib/nltk/app
    copying nltk/app/concordance_app.py -> build/lib/nltk/app
    copying nltk/app/chartparser_app.py -> build/lib/nltk/app
    copying nltk/app/wordfreq_app.py -> build/lib/nltk/app
    copying nltk/app/wordnet_app.py -> build/lib/nltk/app
    copying nltk/app/nemo_app.py -> build/lib/nltk/app
    copying nltk/app/chunkparser_app.py -> build/lib/nltk/app
    copying nltk/app/collocations_app.py -> build/lib/nltk/app
    copying nltk/app/__init__.py -> build/lib/nltk/app
    creating build/lib/nltk/ccg
    copying nltk/ccg/logic.py -> build/lib/nltk/ccg
    copying nltk/ccg/combinator.py -> build/lib/nltk/ccg
    copying nltk/ccg/lexicon.py -> build/lib/nltk/ccg
    copying nltk/ccg/chart.py -> build/lib/nltk/ccg
    copying nltk/ccg/api.py -> build/lib/nltk/ccg
    copying nltk/ccg/__init__.py -> build/lib/nltk/ccg
    creating build/lib/nltk/draw
    copying nltk/draw/util.py -> build/lib/nltk/draw
    copying nltk/draw/cfg.py -> build/lib/nltk/draw
    copying nltk/draw/dispersion.py -> build/lib/nltk/draw
    copying nltk/draw/table.py -> build/lib/nltk/draw
    copying nltk/draw/tree.py -> build/lib/nltk/draw
    copying nltk/draw/__init__.py -> build/lib/nltk/draw
    creating build/lib/nltk/inference
    copying nltk/inference/tableau.py -> build/lib/nltk/inference
    copying nltk/inference/resolution.py -> build/lib/nltk/inference
    copying nltk/inference/prover9.py -> build/lib/nltk/inference
    copying nltk/inference/discourse.py -> build/lib/nltk/inference
    copying nltk/inference/nonmonotonic.py -> build/lib/nltk/inference
    copying nltk/inference/mace.py -> build/lib/nltk/inference
    copying nltk/inference/api.py -> build/lib/nltk/inference
    copying nltk/inference/__init__.py -> build/lib/nltk/inference
    creating build/lib/nltk/corpus
    copying nltk/corpus/util.py -> build/lib/nltk/corpus
    copying nltk/corpus/europarl_raw.py -> build/lib/nltk/corpus
    copying nltk/corpus/__init__.py -> build/lib/nltk/corpus
    creating build/lib/nltk/metrics
    copying nltk/metrics/confusionmatrix.py -> build/lib/nltk/metrics
    copying nltk/metrics/association.py -> build/lib/nltk/metrics
    copying nltk/metrics/distance.py -> build/lib/nltk/metrics
    copying nltk/metrics/scores.py -> build/lib/nltk/metrics
    copying nltk/metrics/aline.py -> build/lib/nltk/metrics
    copying nltk/metrics/agreement.py -> build/lib/nltk/metrics
    copying nltk/metrics/paice.py -> build/lib/nltk/metrics
    copying nltk/metrics/__init__.py -> build/lib/nltk/metrics
    copying nltk/metrics/spearman.py -> build/lib/nltk/metrics
    copying nltk/metrics/segmentation.py -> build/lib/nltk/metrics
    creating build/lib/nltk/sem
    copying nltk/sem/logic.py -> build/lib/nltk/sem
    copying nltk/sem/util.py -> build/lib/nltk/sem
    copying nltk/sem/lfg.py -> build/lib/nltk/sem
    copying nltk/sem/evaluate.py -> build/lib/nltk/sem
    copying nltk/sem/hole.py -> build/lib/nltk/sem
    copying nltk/sem/boxer.py -> build/lib/nltk/sem
    copying nltk/sem/chat80.py -> build/lib/nltk/sem
    copying nltk/sem/drt.py -> build/lib/nltk/sem
    copying nltk/sem/cooper_storage.py -> build/lib/nltk/sem
    copying nltk/sem/linearlogic.py -> build/lib/nltk/sem
    copying nltk/sem/drt_glue_demo.py -> build/lib/nltk/sem
    copying nltk/sem/skolemize.py -> build/lib/nltk/sem
    copying nltk/sem/glue.py -> build/lib/nltk/sem
    copying nltk/sem/__init__.py -> build/lib/nltk/sem
    copying nltk/sem/relextract.py -> build/lib/nltk/sem
    creating build/lib/nltk/translate
    copying nltk/translate/ibm3.py -> build/lib/nltk/translate
    copying nltk/translate/phrase_based.py -> build/lib/nltk/translate
    copying nltk/translate/ibm1.py -> build/lib/nltk/translate
    copying nltk/translate/gale_church.py -> build/lib/nltk/translate
    copying nltk/translate/metrics.py -> build/lib/nltk/translate
    copying nltk/translate/gleu_score.py -> build/lib/nltk/translate
    copying nltk/translate/chrf_score.py -> build/lib/nltk/translate
    copying nltk/translate/stack_decoder.py -> build/lib/nltk/translate
    copying nltk/translate/ibm4.py -> build/lib/nltk/translate
    copying nltk/translate/ibm2.py -> build/lib/nltk/translate
    copying nltk/translate/gdfa.py -> build/lib/nltk/translate
    copying nltk/translate/ibm_model.py -> build/lib/nltk/translate
    copying nltk/translate/nist_score.py -> build/lib/nltk/translate
    copying nltk/translate/ibm5.py -> build/lib/nltk/translate
    copying nltk/translate/ribes_score.py -> build/lib/nltk/translate
    copying nltk/translate/api.py -> build/lib/nltk/translate
    copying nltk/translate/bleu_score.py -> build/lib/nltk/translate
    copying nltk/translate/__init__.py -> build/lib/nltk/translate
    creating build/lib/nltk/test/unit
    copying nltk/test/unit/utils.py -> build/lib/nltk/test/unit
    copying nltk/test/unit/test_tokenize.py -> build/lib/nltk/test/unit
    copying nltk/test/unit/test_data.py -> build/lib/nltk/test/unit
    copying nltk/test/unit/test_tgrep.py -> build/lib/nltk/test/unit
    copying nltk/test/unit/test_hmm.py -> build/lib/nltk/test/unit
    copying nltk/test/unit/test_naivebayes.py -> build/lib/nltk/test/unit
    copying nltk/test/unit/test_corenlp.py -> build/lib/nltk/test/unit
    copying nltk/test/unit/test_2x_compat.py -> build/lib/nltk/test/unit
    copying nltk/test/unit/test_twitter_auth.py -> build/lib/nltk/test/unit
    copying nltk/test/unit/test_classify.py -> build/lib/nltk/test/unit
    copying nltk/test/unit/test_rte_classify.py -> build/lib/nltk/test/unit
    copying nltk/test/unit/test_collocations.py -> build/lib/nltk/test/unit
    copying nltk/test/unit/test_corpus_views.py -> build/lib/nltk/test/unit
    copying nltk/test/unit/test_wordnet.py -> build/lib/nltk/test/unit
    copying nltk/test/unit/test_corpora.py -> build/lib/nltk/test/unit
    copying nltk/test/unit/test_aline.py -> build/lib/nltk/test/unit
    copying nltk/test/unit/test_seekable_unicode_stream_reader.py -> build/lib/nltk/test/unit
    copying nltk/test/unit/test_concordance.py -> build/lib/nltk/test/unit
    copying nltk/test/unit/test_brill.py -> build/lib/nltk/test/unit
    copying nltk/test/unit/test_json2csv_corpus.py -> build/lib/nltk/test/unit
    copying nltk/test/unit/test_disagreement.py -> build/lib/nltk/test/unit
    copying nltk/test/unit/test_stem.py -> build/lib/nltk/test/unit
    copying nltk/test/unit/test_tag.py -> build/lib/nltk/test/unit
    copying nltk/test/unit/test_senna.py -> build/lib/nltk/test/unit
    copying nltk/test/unit/test_pos_tag.py -> build/lib/nltk/test/unit
    copying nltk/test/unit/test_chunk.py -> build/lib/nltk/test/unit
    copying nltk/test/unit/__init__.py -> build/lib/nltk/test/unit
    creating build/lib/nltk/corpus/reader
    copying nltk/corpus/reader/util.py -> build/lib/nltk/corpus/reader
    copying nltk/corpus/reader/chasen.py -> build/lib/nltk/corpus/reader
    copying nltk/corpus/reader/categorized_sents.py -> build/lib/nltk/corpus/reader
    copying nltk/corpus/reader/indian.py -> build/lib/nltk/corpus/reader
    copying nltk/corpus/reader/opinion_lexicon.py -> build/lib/nltk/corpus/reader
    copying nltk/corpus/reader/timit.py -> build/lib/nltk/corpus/reader
    copying nltk/corpus/reader/chunked.py -> build/lib/nltk/corpus/reader
    copying nltk/corpus/reader/pros_cons.py -> build/lib/nltk/corpus/reader
    copying nltk/corpus/reader/dependency.py -> build/lib/nltk/corpus/reader
    copying nltk/corpus/reader/panlex_lite.py -> build/lib/nltk/corpus/reader
    copying nltk/corpus/reader/senseval.py -> build/lib/nltk/corpus/reader
    copying nltk/corpus/reader/switchboard.py -> build/lib/nltk/corpus/reader
    copying nltk/corpus/reader/aligned.py -> build/lib/nltk/corpus/reader
    copying nltk/corpus/reader/nombank.py -> build/lib/nltk/corpus/reader
    copying nltk/corpus/reader/sentiwordnet.py -> build/lib/nltk/corpus/reader
    copying nltk/corpus/reader/ieer.py -> build/lib/nltk/corpus/reader
    copying nltk/corpus/reader/conll.py -> build/lib/nltk/corpus/reader
    copying nltk/corpus/reader/udhr.py -> build/lib/nltk/corpus/reader
    copying nltk/corpus/reader/tagged.py -> build/lib/nltk/corpus/reader
    copying nltk/corpus/reader/framenet.py -> build/lib/nltk/corpus/reader
    copying nltk/corpus/reader/verbnet.py -> build/lib/nltk/corpus/reader
    copying nltk/corpus/reader/comparative_sents.py -> build/lib/nltk/corpus/reader
    copying nltk/corpus/reader/plaintext.py -> build/lib/nltk/corpus/reader
    copying nltk/corpus/reader/nps_chat.py -> build/lib/nltk/corpus/reader
    copying nltk/corpus/reader/nkjp.py -> build/lib/nltk/corpus/reader
    copying nltk/corpus/reader/bracket_parse.py -> build/lib/nltk/corpus/reader
    copying nltk/corpus/reader/reviews.py -> build/lib/nltk/corpus/reader
    copying nltk/corpus/reader/twitter.py -> build/lib/nltk/corpus/reader
    copying nltk/corpus/reader/cmudict.py -> build/lib/nltk/corpus/reader
    copying nltk/corpus/reader/xmldocs.py -> build/lib/nltk/corpus/reader
    copying nltk/corpus/reader/bnc.py -> build/lib/nltk/corpus/reader
    copying nltk/corpus/reader/ppattach.py -> build/lib/nltk/corpus/reader
    copying nltk/corpus/reader/mte.py -> build/lib/nltk/corpus/reader
    copying nltk/corpus/reader/wordnet.py -> build/lib/nltk/corpus/reader
    copying nltk/corpus/reader/sinica_treebank.py -> build/lib/nltk/corpus/reader
    copying nltk/corpus/reader/knbc.py -> build/lib/nltk/corpus/reader
    copying nltk/corpus/reader/childes.py -> build/lib/nltk/corpus/reader
    copying nltk/corpus/reader/pl196x.py -> build/lib/nltk/corpus/reader
    copying nltk/corpus/reader/crubadan.py -> build/lib/nltk/corpus/reader
    copying nltk/corpus/reader/rte.py -> build/lib/nltk/corpus/reader
    copying nltk/corpus/reader/propbank.py -> build/lib/nltk/corpus/reader
    copying nltk/corpus/reader/string_category.py -> build/lib/nltk/corpus/reader
    copying nltk/corpus/reader/ycoe.py -> build/lib/nltk/corpus/reader
    copying nltk/corpus/reader/semcor.py -> build/lib/nltk/corpus/reader
    copying nltk/corpus/reader/wordlist.py -> build/lib/nltk/corpus/reader
    copying nltk/corpus/reader/toolbox.py -> build/lib/nltk/corpus/reader
    copying nltk/corpus/reader/lin.py -> build/lib/nltk/corpus/reader
    copying nltk/corpus/reader/api.py -> build/lib/nltk/corpus/reader
    copying nltk/corpus/reader/__init__.py -> build/lib/nltk/corpus/reader
    copying nltk/corpus/reader/ipipan.py -> build/lib/nltk/corpus/reader
    creating build/lib/nltk/test/unit/lm
    copying nltk/test/unit/lm/test_preprocessing.py -> build/lib/nltk/test/unit/lm
    copying nltk/test/unit/lm/test_vocabulary.py -> build/lib/nltk/test/unit/lm
    copying nltk/test/unit/lm/test_counter.py -> build/lib/nltk/test/unit/lm
    copying nltk/test/unit/lm/test_models.py -> build/lib/nltk/test/unit/lm
    copying nltk/test/unit/lm/__init__.py -> build/lib/nltk/test/unit/lm
    creating build/lib/nltk/test/unit/translate
    copying nltk/test/unit/translate/test_ibm2.py -> build/lib/nltk/test/unit/translate
    copying nltk/test/unit/translate/test_bleu.py -> build/lib/nltk/test/unit/translate
    copying nltk/test/unit/translate/test_stack_decoder.py -> build/lib/nltk/test/unit/translate
    copying nltk/test/unit/translate/test_ibm1.py -> build/lib/nltk/test/unit/translate
    copying nltk/test/unit/translate/test_ibm_model.py -> build/lib/nltk/test/unit/translate
    copying nltk/test/unit/translate/test_nist.py -> build/lib/nltk/test/unit/translate
    copying nltk/test/unit/translate/test_gdfa.py -> build/lib/nltk/test/unit/translate
    copying nltk/test/unit/translate/test_ibm5.py -> build/lib/nltk/test/unit/translate
    copying nltk/test/unit/translate/test_ibm3.py -> build/lib/nltk/test/unit/translate
    copying nltk/test/unit/translate/test_ibm4.py -> build/lib/nltk/test/unit/translate
    copying nltk/test/unit/translate/__init__.py -> build/lib/nltk/test/unit/translate
    copying nltk/test/translate.doctest -> build/lib/nltk/test
    copying nltk/test/treetransforms.doctest -> build/lib/nltk/test
    copying nltk/test/gensim.doctest -> build/lib/nltk/test
    copying nltk/test/paice.doctest -> build/lib/nltk/test
    copying nltk/test/compat.doctest -> build/lib/nltk/test
    copying nltk/test/util.doctest -> build/lib/nltk/test
    copying nltk/test/relextract.doctest -> build/lib/nltk/test
    copying nltk/test/chunk.doctest -> build/lib/nltk/test
    copying nltk/test/sentiment.doctest -> build/lib/nltk/test
    copying nltk/test/simple.doctest -> build/lib/nltk/test
    copying nltk/test/resolution.doctest -> build/lib/nltk/test
    copying nltk/test/crubadan.doctest -> build/lib/nltk/test
    copying nltk/test/concordance.doctest -> build/lib/nltk/test
    copying nltk/test/wsd.doctest -> build/lib/nltk/test
    copying nltk/test/inference.doctest -> build/lib/nltk/test
    copying nltk/test/tokenize.doctest -> build/lib/nltk/test
    copying nltk/test/tag.doctest -> build/lib/nltk/test
    copying nltk/test/featgram.doctest -> build/lib/nltk/test
    copying nltk/test/featstruct.doctest -> build/lib/nltk/test
    copying nltk/test/portuguese_en.doctest -> build/lib/nltk/test
    copying nltk/test/dependency.doctest -> build/lib/nltk/test
    copying nltk/test/drt.doctest -> build/lib/nltk/test
    copying nltk/test/corpus.doctest -> build/lib/nltk/test
    copying nltk/test/classify.doctest -> build/lib/nltk/test
    copying nltk/test/bnc.doctest -> build/lib/nltk/test
    copying nltk/test/bleu.doctest -> build/lib/nltk/test
    copying nltk/test/lm.doctest -> build/lib/nltk/test
    copying nltk/test/collocations.doctest -> build/lib/nltk/test
    copying nltk/test/logic.doctest -> build/lib/nltk/test
    copying nltk/test/internals.doctest -> build/lib/nltk/test
    copying nltk/test/tree.doctest -> build/lib/nltk/test
    copying nltk/test/framenet.doctest -> build/lib/nltk/test
    copying nltk/test/ccg_semantics.doctest -> build/lib/nltk/test
    copying nltk/test/collections.doctest -> build/lib/nltk/test
    copying nltk/test/data.doctest -> build/lib/nltk/test
    copying nltk/test/parse.doctest -> build/lib/nltk/test
    copying nltk/test/nonmonotonic.doctest -> build/lib/nltk/test
    copying nltk/test/ccg.doctest -> build/lib/nltk/test
    copying nltk/test/childes.doctest -> build/lib/nltk/test
    copying nltk/test/index.doctest -> build/lib/nltk/test
    copying nltk/test/treeprettyprinter.doctest -> build/lib/nltk/test
    copying nltk/test/gluesemantics_malt.doctest -> build/lib/nltk/test
    copying nltk/test/stem.doctest -> build/lib/nltk/test
    copying nltk/test/propbank.doctest -> build/lib/nltk/test
    copying nltk/test/toolbox.doctest -> build/lib/nltk/test
    copying nltk/test/sentiwordnet.doctest -> build/lib/nltk/test
    copying nltk/test/grammartestsuites.doctest -> build/lib/nltk/test
    copying nltk/test/wordnet.doctest -> build/lib/nltk/test
    copying nltk/test/metrics.doctest -> build/lib/nltk/test
    copying nltk/test/grammar.doctest -> build/lib/nltk/test
    copying nltk/test/probability.doctest -> build/lib/nltk/test
    copying nltk/test/chat80.doctest -> build/lib/nltk/test
    copying nltk/test/japanese.doctest -> build/lib/nltk/test
    copying nltk/test/misc.doctest -> build/lib/nltk/test
    copying nltk/test/semantics.doctest -> build/lib/nltk/test
    copying nltk/test/gluesemantics.doctest -> build/lib/nltk/test
    copying nltk/test/generate.doctest -> build/lib/nltk/test
    copying nltk/test/discourse.doctest -> build/lib/nltk/test
    copying nltk/test/wordnet_lch.doctest -> build/lib/nltk/test
    copying nltk/VERSION -> build/lib/nltk
    running install_lib
    creating /usr/local/lib/python3.4/dist-packages/nltk
    error: could not create '/usr/local/lib/python3.4/dist-packages/nltk': Permission denied
    Complete output from command /usr/bin/python3 -c "import setuptools, tokenize;__file__='/tmp/pip_build_ubuntu/nltk/setup.py';exec(compile(getattr(tokenize, 'open', open)(__file__).read().replace('\r\n', '\n'), __file__, 'exec'))" install --record /tmp/pip-iqe1xtoy-record/install-record.txt --single-version-externally-managed --compile:
    running install

running build

running build_py

creating build

creating build/lib

creating build/lib/nltk

copying nltk/probability.py -> build/lib/nltk

copying nltk/util.py -> build/lib/nltk

copying nltk/compat.py -> build/lib/nltk

copying nltk/collections.py -> build/lib/nltk

copying nltk/internals.py -> build/lib/nltk

copying nltk/tgrep.py -> build/lib/nltk

copying nltk/featstruct.py -> build/lib/nltk

copying nltk/book.py -> build/lib/nltk

copying nltk/lazyimport.py -> build/lib/nltk

copying nltk/grammar.py -> build/lib/nltk

copying nltk/downloader.py -> build/lib/nltk

copying nltk/text.py -> build/lib/nltk

copying nltk/treeprettyprinter.py -> build/lib/nltk

copying nltk/help.py -> build/lib/nltk

copying nltk/decorators.py -> build/lib/nltk

copying nltk/collocations.py -> build/lib/nltk

copying nltk/treetransforms.py -> build/lib/nltk

copying nltk/jsontags.py -> build/lib/nltk

copying nltk/wsd.py -> build/lib/nltk

copying nltk/data.py -> build/lib/nltk

copying nltk/tree.py -> build/lib/nltk

copying nltk/toolbox.py -> build/lib/nltk

copying nltk/__init__.py -> build/lib/nltk

creating build/lib/nltk/chunk

copying nltk/chunk/util.py -> build/lib/nltk/chunk

copying nltk/chunk/regexp.py -> build/lib/nltk/chunk

copying nltk/chunk/api.py -> build/lib/nltk/chunk

copying nltk/chunk/__init__.py -> build/lib/nltk/chunk

copying nltk/chunk/named_entity.py -> build/lib/nltk/chunk

creating build/lib/nltk/classify

copying nltk/classify/util.py -> build/lib/nltk/classify

copying nltk/classify/scikitlearn.py -> build/lib/nltk/classify

copying nltk/classify/megam.py -> build/lib/nltk/classify

copying nltk/classify/textcat.py -> build/lib/nltk/classify

copying nltk/classify/weka.py -> build/lib/nltk/classify

copying nltk/classify/maxent.py -> build/lib/nltk/classify

copying nltk/classify/naivebayes.py -> build/lib/nltk/classify

copying nltk/classify/tadm.py -> build/lib/nltk/classify

copying nltk/classify/svm.py -> build/lib/nltk/classify

copying nltk/classify/positivenaivebayes.py -> build/lib/nltk/classify

copying nltk/classify/decisiontree.py -> build/lib/nltk/classify

copying nltk/classify/rte_classify.py -> build/lib/nltk/classify

copying nltk/classify/senna.py -> build/lib/nltk/classify

copying nltk/classify/api.py -> build/lib/nltk/classify

copying nltk/classify/__init__.py -> build/lib/nltk/classify

creating build/lib/nltk/twitter

copying nltk/twitter/util.py -> build/lib/nltk/twitter

copying nltk/twitter/twitterclient.py -> build/lib/nltk/twitter

copying nltk/twitter/common.py -> build/lib/nltk/twitter

copying nltk/twitter/twitter_demo.py -> build/lib/nltk/twitter

copying nltk/twitter/api.py -> build/lib/nltk/twitter

copying nltk/twitter/__init__.py -> build/lib/nltk/twitter

creating build/lib/nltk/parse

copying nltk/parse/util.py -> build/lib/nltk/parse

copying nltk/parse/evaluate.py -> build/lib/nltk/parse

copying nltk/parse/projectivedependencyparser.py -> build/lib/nltk/parse

copying nltk/parse/recursivedescent.py -> build/lib/nltk/parse

copying nltk/parse/generate.py -> build/lib/nltk/parse

copying nltk/parse/corenlp.py -> build/lib/nltk/parse

copying nltk/parse/dependencygraph.py -> build/lib/nltk/parse

copying nltk/parse/nonprojectivedependencyparser.py -> build/lib/nltk/parse

copying nltk/parse/earleychart.py -> build/lib/nltk/parse

copying nltk/parse/stanford.py -> build/lib/nltk/parse

copying nltk/parse/pchart.py -> build/lib/nltk/parse

copying nltk/parse/featurechart.py -> build/lib/nltk/parse

copying nltk/parse/transitionparser.py -> build/lib/nltk/parse

copying nltk/parse/bllip.py -> build/lib/nltk/parse

copying nltk/parse/viterbi.py -> build/lib/nltk/parse

copying nltk/parse/shiftreduce.py -> build/lib/nltk/parse

copying nltk/parse/malt.py -> build/lib/nltk/parse

copying nltk/parse/chart.py -> build/lib/nltk/parse

copying nltk/parse/api.py -> build/lib/nltk/parse

copying nltk/parse/__init__.py -> build/lib/nltk/parse

creating build/lib/nltk/stem

copying nltk/stem/util.py -> build/lib/nltk/stem

copying nltk/stem/isri.py -> build/lib/nltk/stem

copying nltk/stem/arlstem.py -> build/lib/nltk/stem

copying nltk/stem/porter.py -> build/lib/nltk/stem

copying nltk/stem/rslp.py -> build/lib/nltk/stem

copying nltk/stem/wordnet.py -> build/lib/nltk/stem

copying nltk/stem/snowball.py -> build/lib/nltk/stem

copying nltk/stem/regexp.py -> build/lib/nltk/stem

copying nltk/stem/cistem.py -> build/lib/nltk/stem

copying nltk/stem/lancaster.py -> build/lib/nltk/stem

copying nltk/stem/api.py -> build/lib/nltk/stem

copying nltk/stem/__init__.py -> build/lib/nltk/stem

creating build/lib/nltk/chat

copying nltk/chat/zen.py -> build/lib/nltk/chat

copying nltk/chat/util.py -> build/lib/nltk/chat

copying nltk/chat/suntsu.py -> build/lib/nltk/chat

copying nltk/chat/rude.py -> build/lib/nltk/chat

copying nltk/chat/eliza.py -> build/lib/nltk/chat

copying nltk/chat/iesha.py -> build/lib/nltk/chat

copying nltk/chat/__init__.py -> build/lib/nltk/chat

creating build/lib/nltk/misc

copying nltk/misc/minimalset.py -> build/lib/nltk/misc

copying nltk/misc/wordfinder.py -> build/lib/nltk/misc

copying nltk/misc/sort.py -> build/lib/nltk/misc

copying nltk/misc/chomsky.py -> build/lib/nltk/misc

copying nltk/misc/babelfish.py -> build/lib/nltk/misc

copying nltk/misc/__init__.py -> build/lib/nltk/misc

creating build/lib/nltk/tokenize

copying nltk/tokenize/util.py -> build/lib/nltk/tokenize

copying nltk/tokenize/toktok.py -> build/lib/nltk/tokenize

copying nltk/tokenize/casual.py -> build/lib/nltk/tokenize

copying nltk/tokenize/stanford_segmenter.py -> build/lib/nltk/tokenize

copying nltk/tokenize/simple.py -> build/lib/nltk/tokenize

copying nltk/tokenize/repp.py -> build/lib/nltk/tokenize

copying nltk/tokenize/stanford.py -> build/lib/nltk/tokenize

copying nltk/tokenize/punkt.py -> build/lib/nltk/tokenize

copying nltk/tokenize/sexpr.py -> build/lib/nltk/tokenize

copying nltk/tokenize/mwe.py -> build/lib/nltk/tokenize

copying nltk/tokenize/treebank.py -> build/lib/nltk/tokenize

copying nltk/tokenize/texttiling.py -> build/lib/nltk/tokenize

copying nltk/tokenize/regexp.py -> build/lib/nltk/tokenize

copying nltk/tokenize/nist.py -> build/lib/nltk/tokenize

copying nltk/tokenize/api.py -> build/lib/nltk/tokenize

copying nltk/tokenize/__init__.py -> build/lib/nltk/tokenize

creating build/lib/nltk/tbl

copying nltk/tbl/feature.py -> build/lib/nltk/tbl

copying nltk/tbl/rule.py -> build/lib/nltk/tbl

copying nltk/tbl/erroranalysis.py -> build/lib/nltk/tbl

copying nltk/tbl/template.py -> build/lib/nltk/tbl

copying nltk/tbl/demo.py -> build/lib/nltk/tbl

copying nltk/tbl/api.py -> build/lib/nltk/tbl

copying nltk/tbl/__init__.py -> build/lib/nltk/tbl

creating build/lib/nltk/tag

copying nltk/tag/util.py -> build/lib/nltk/tag

copying nltk/tag/mapping.py -> build/lib/nltk/tag

copying nltk/tag/perceptron.py -> build/lib/nltk/tag

copying nltk/tag/stanford.py -> build/lib/nltk/tag

copying nltk/tag/brill.py -> build/lib/nltk/tag

copying nltk/tag/sequential.py -> build/lib/nltk/tag

copying nltk/tag/hunpos.py -> build/lib/nltk/tag

copying nltk/tag/tnt.py -> build/lib/nltk/tag

copying nltk/tag/hmm.py -> build/lib/nltk/tag

copying nltk/tag/brill_trainer.py -> build/lib/nltk/tag

copying nltk/tag/crf.py -> build/lib/nltk/tag

copying nltk/tag/senna.py -> build/lib/nltk/tag

copying nltk/tag/api.py -> build/lib/nltk/tag

copying nltk/tag/__init__.py -> build/lib/nltk/tag

creating build/lib/nltk/sentiment

copying nltk/sentiment/util.py -> build/lib/nltk/sentiment

copying nltk/sentiment/vader.py -> build/lib/nltk/sentiment

copying nltk/sentiment/sentiment_analyzer.py -> build/lib/nltk/sentiment

copying nltk/sentiment/__init__.py -> build/lib/nltk/sentiment

creating build/lib/nltk/cluster

copying nltk/cluster/util.py -> build/lib/nltk/cluster

copying nltk/cluster/gaac.py -> build/lib/nltk/cluster

copying nltk/cluster/em.py -> build/lib/nltk/cluster

copying nltk/cluster/kmeans.py -> build/lib/nltk/cluster

copying nltk/cluster/api.py -> build/lib/nltk/cluster

copying nltk/cluster/__init__.py -> build/lib/nltk/cluster

creating build/lib/nltk/test

copying nltk/test/runtests.py -> build/lib/nltk/test

copying nltk/test/nonmonotonic_fixt.py -> build/lib/nltk/test

copying nltk/test/semantics_fixt.py -> build/lib/nltk/test

copying nltk/test/compat_fixt.py -> build/lib/nltk/test

copying nltk/test/discourse_fixt.py -> build/lib/nltk/test

copying nltk/test/childes_fixt.py -> build/lib/nltk/test

copying nltk/test/gensim_fixt.py -> build/lib/nltk/test

copying nltk/test/all.py -> build/lib/nltk/test

copying nltk/test/classify_fixt.py -> build/lib/nltk/test

copying nltk/test/doctest_nose_plugin.py -> build/lib/nltk/test

copying nltk/test/probability_fixt.py -> build/lib/nltk/test

copying nltk/test/segmentation_fixt.py -> build/lib/nltk/test

copying nltk/test/portuguese_en_fixt.py -> build/lib/nltk/test

copying nltk/test/inference_fixt.py -> build/lib/nltk/test

copying nltk/test/corpus_fixt.py -> build/lib/nltk/test

copying nltk/test/gluesemantics_malt_fixt.py -> build/lib/nltk/test

copying nltk/test/translate_fixt.py -> build/lib/nltk/test

copying nltk/test/__init__.py -> build/lib/nltk/test

copying nltk/test/wordnet_fixt.py -> build/lib/nltk/test

creating build/lib/nltk/lm

copying nltk/lm/util.py -> build/lib/nltk/lm

copying nltk/lm/vocabulary.py -> build/lib/nltk/lm

copying nltk/lm/counter.py -> build/lib/nltk/lm

copying nltk/lm/smoothing.py -> build/lib/nltk/lm

copying nltk/lm/preprocessing.py -> build/lib/nltk/lm

copying nltk/lm/models.py -> build/lib/nltk/lm

copying nltk/lm/api.py -> build/lib/nltk/lm

copying nltk/lm/__init__.py -> build/lib/nltk/lm

creating build/lib/nltk/app

copying nltk/app/rdparser_app.py -> build/lib/nltk/app

copying nltk/app/srparser_app.py -> build/lib/nltk/app

copying nltk/app/concordance_app.py -> build/lib/nltk/app

copying nltk/app/chartparser_app.py -> build/lib/nltk/app

copying nltk/app/wordfreq_app.py -> build/lib/nltk/app

copying nltk/app/wordnet_app.py -> build/lib/nltk/app

copying nltk/app/nemo_app.py -> build/lib/nltk/app

copying nltk/app/chunkparser_app.py -> build/lib/nltk/app

copying nltk/app/collocations_app.py -> build/lib/nltk/app

copying nltk/app/__init__.py -> build/lib/nltk/app

creating build/lib/nltk/ccg

copying nltk/ccg/logic.py -> build/lib/nltk/ccg

copying nltk/ccg/combinator.py -> build/lib/nltk/ccg

copying nltk/ccg/lexicon.py -> build/lib/nltk/ccg

copying nltk/ccg/chart.py -> build/lib/nltk/ccg

copying nltk/ccg/api.py -> build/lib/nltk/ccg

copying nltk/ccg/__init__.py -> build/lib/nltk/ccg

creating build/lib/nltk/draw

copying nltk/draw/util.py -> build/lib/nltk/draw

copying nltk/draw/cfg.py -> build/lib/nltk/draw

copying nltk/draw/dispersion.py -> build/lib/nltk/draw

copying nltk/draw/table.py -> build/lib/nltk/draw

copying nltk/draw/tree.py -> build/lib/nltk/draw

copying nltk/draw/__init__.py -> build/lib/nltk/draw

creating build/lib/nltk/inference

copying nltk/inference/tableau.py -> build/lib/nltk/inference

copying nltk/inference/resolution.py -> build/lib/nltk/inference

copying nltk/inference/prover9.py -> build/lib/nltk/inference

copying nltk/inference/discourse.py -> build/lib/nltk/inference

copying nltk/inference/nonmonotonic.py -> build/lib/nltk/inference

copying nltk/inference/mace.py -> build/lib/nltk/inference

copying nltk/inference/api.py -> build/lib/nltk/inference

copying nltk/inference/__init__.py -> build/lib/nltk/inference

creating build/lib/nltk/corpus

copying nltk/corpus/util.py -> build/lib/nltk/corpus

copying nltk/corpus/europarl_raw.py -> build/lib/nltk/corpus

copying nltk/corpus/__init__.py -> build/lib/nltk/corpus

creating build/lib/nltk/metrics

copying nltk/metrics/confusionmatrix.py -> build/lib/nltk/metrics

copying nltk/metrics/association.py -> build/lib/nltk/metrics

copying nltk/metrics/distance.py -> build/lib/nltk/metrics

copying nltk/metrics/scores.py -> build/lib/nltk/metrics

copying nltk/metrics/aline.py -> build/lib/nltk/metrics

copying nltk/metrics/agreement.py -> build/lib/nltk/metrics

copying nltk/metrics/paice.py -> build/lib/nltk/metrics

copying nltk/metrics/__init__.py -> build/lib/nltk/metrics

copying nltk/metrics/spearman.py -> build/lib/nltk/metrics

copying nltk/metrics/segmentation.py -> build/lib/nltk/metrics

creating build/lib/nltk/sem

copying nltk/sem/logic.py -> build/lib/nltk/sem

copying nltk/sem/util.py -> build/lib/nltk/sem

copying nltk/sem/lfg.py -> build/lib/nltk/sem

copying nltk/sem/evaluate.py -> build/lib/nltk/sem

copying nltk/sem/hole.py -> build/lib/nltk/sem

copying nltk/sem/boxer.py -> build/lib/nltk/sem

copying nltk/sem/chat80.py -> build/lib/nltk/sem

copying nltk/sem/drt.py -> build/lib/nltk/sem

copying nltk/sem/cooper_storage.py -> build/lib/nltk/sem

copying nltk/sem/linearlogic.py -> build/lib/nltk/sem

copying nltk/sem/drt_glue_demo.py -> build/lib/nltk/sem

copying nltk/sem/skolemize.py -> build/lib/nltk/sem

copying nltk/sem/glue.py -> build/lib/nltk/sem

copying nltk/sem/__init__.py -> build/lib/nltk/sem

copying nltk/sem/relextract.py -> build/lib/nltk/sem

creating build/lib/nltk/translate

copying nltk/translate/ibm3.py -> build/lib/nltk/translate

copying nltk/translate/phrase_based.py -> build/lib/nltk/translate

copying nltk/translate/ibm1.py -> build/lib/nltk/translate

copying nltk/translate/gale_church.py -> build/lib/nltk/translate

copying nltk/translate/metrics.py -> build/lib/nltk/translate

copying nltk/translate/gleu_score.py -> build/lib/nltk/translate

copying nltk/translate/chrf_score.py -> build/lib/nltk/translate

copying nltk/translate/stack_decoder.py -> build/lib/nltk/translate

copying nltk/translate/ibm4.py -> build/lib/nltk/translate

copying nltk/translate/ibm2.py -> build/lib/nltk/translate

copying nltk/translate/gdfa.py -> build/lib/nltk/translate

copying nltk/translate/ibm_model.py -> build/lib/nltk/translate

copying nltk/translate/nist_score.py -> build/lib/nltk/translate

copying nltk/translate/ibm5.py -> build/lib/nltk/translate

copying nltk/translate/ribes_score.py -> build/lib/nltk/translate

copying nltk/translate/api.py -> build/lib/nltk/translate

copying nltk/translate/bleu_score.py -> build/lib/nltk/translate

copying nltk/translate/__init__.py -> build/lib/nltk/translate

creating build/lib/nltk/test/unit

copying nltk/test/unit/utils.py -> build/lib/nltk/test/unit

copying nltk/test/unit/test_tokenize.py -> build/lib/nltk/test/unit

copying nltk/test/unit/test_data.py -> build/lib/nltk/test/unit

copying nltk/test/unit/test_tgrep.py -> build/lib/nltk/test/unit

copying nltk/test/unit/test_hmm.py -> build/lib/nltk/test/unit

copying nltk/test/unit/test_naivebayes.py -> build/lib/nltk/test/unit

copying nltk/test/unit/test_corenlp.py -> build/lib/nltk/test/unit

copying nltk/test/unit/test_2x_compat.py -> build/lib/nltk/test/unit

copying nltk/test/unit/test_twitter_auth.py -> build/lib/nltk/test/unit

copying nltk/test/unit/test_classify.py -> build/lib/nltk/test/unit

copying nltk/test/unit/test_rte_classify.py -> build/lib/nltk/test/unit

copying nltk/test/unit/test_collocations.py -> build/lib/nltk/test/unit

copying nltk/test/unit/test_corpus_views.py -> build/lib/nltk/test/unit

copying nltk/test/unit/test_wordnet.py -> build/lib/nltk/test/unit

copying nltk/test/unit/test_corpora.py -> build/lib/nltk/test/unit

copying nltk/test/unit/test_aline.py -> build/lib/nltk/test/unit

copying nltk/test/unit/test_seekable_unicode_stream_reader.py -> build/lib/nltk/test/unit

copying nltk/test/unit/test_concordance.py -> build/lib/nltk/test/unit

copying nltk/test/unit/test_brill.py -> build/lib/nltk/test/unit

copying nltk/test/unit/test_json2csv_corpus.py -> build/lib/nltk/test/unit

copying nltk/test/unit/test_disagreement.py -> build/lib/nltk/test/unit

copying nltk/test/unit/test_stem.py -> build/lib/nltk/test/unit

copying nltk/test/unit/test_tag.py -> build/lib/nltk/test/unit

copying nltk/test/unit/test_senna.py -> build/lib/nltk/test/unit

copying nltk/test/unit/test_pos_tag.py -> build/lib/nltk/test/unit

copying nltk/test/unit/test_chunk.py -> build/lib/nltk/test/unit

copying nltk/test/unit/__init__.py -> build/lib/nltk/test/unit

creating build/lib/nltk/corpus/reader

copying nltk/corpus/reader/util.py -> build/lib/nltk/corpus/reader

copying nltk/corpus/reader/chasen.py -> build/lib/nltk/corpus/reader

copying nltk/corpus/reader/categorized_sents.py -> build/lib/nltk/corpus/reader

copying nltk/corpus/reader/indian.py -> build/lib/nltk/corpus/reader

copying nltk/corpus/reader/opinion_lexicon.py -> build/lib/nltk/corpus/reader

copying nltk/corpus/reader/timit.py -> build/lib/nltk/corpus/reader

copying nltk/corpus/reader/chunked.py -> build/lib/nltk/corpus/reader

copying nltk/corpus/reader/pros_cons.py -> build/lib/nltk/corpus/reader

copying nltk/corpus/reader/dependency.py -> build/lib/nltk/corpus/reader

copying nltk/corpus/reader/panlex_lite.py -> build/lib/nltk/corpus/reader

copying nltk/corpus/reader/senseval.py -> build/lib/nltk/corpus/reader

copying nltk/corpus/reader/switchboard.py -> build/lib/nltk/corpus/reader

copying nltk/corpus/reader/aligned.py -> build/lib/nltk/corpus/reader

copying nltk/corpus/reader/nombank.py -> build/lib/nltk/corpus/reader

copying nltk/corpus/reader/sentiwordnet.py -> build/lib/nltk/corpus/reader

copying nltk/corpus/reader/ieer.py -> build/lib/nltk/corpus/reader

copying nltk/corpus/reader/conll.py -> build/lib/nltk/corpus/reader

copying nltk/corpus/reader/udhr.py -> build/lib/nltk/corpus/reader

copying nltk/corpus/reader/tagged.py -> build/lib/nltk/corpus/reader

copying nltk/corpus/reader/framenet.py -> build/lib/nltk/corpus/reader

copying nltk/corpus/reader/verbnet.py -> build/lib/nltk/corpus/reader

copying nltk/corpus/reader/comparative_sents.py -> build/lib/nltk/corpus/reader

copying nltk/corpus/reader/plaintext.py -> build/lib/nltk/corpus/reader

copying nltk/corpus/reader/nps_chat.py -> build/lib/nltk/corpus/reader

copying nltk/corpus/reader/nkjp.py -> build/lib/nltk/corpus/reader

copying nltk/corpus/reader/bracket_parse.py -> build/lib/nltk/corpus/reader

copying nltk/corpus/reader/reviews.py -> build/lib/nltk/corpus/reader

copying nltk/corpus/reader/twitter.py -> build/lib/nltk/corpus/reader

copying nltk/corpus/reader/cmudict.py -> build/lib/nltk/corpus/reader

copying nltk/corpus/reader/xmldocs.py -> build/lib/nltk/corpus/reader

copying nltk/corpus/reader/bnc.py -> build/lib/nltk/corpus/reader

copying nltk/corpus/reader/ppattach.py -> build/lib/nltk/corpus/reader

copying nltk/corpus/reader/mte.py -> build/lib/nltk/corpus/reader

copying nltk/corpus/reader/wordnet.py -> build/lib/nltk/corpus/reader

copying nltk/corpus/reader/sinica_treebank.py -> build/lib/nltk/corpus/reader

copying nltk/corpus/reader/knbc.py -> build/lib/nltk/corpus/reader

copying nltk/corpus/reader/childes.py -> build/lib/nltk/corpus/reader

copying nltk/corpus/reader/pl196x.py -> build/lib/nltk/corpus/reader

copying nltk/corpus/reader/crubadan.py -> build/lib/nltk/corpus/reader

copying nltk/corpus/reader/rte.py -> build/lib/nltk/corpus/reader

copying nltk/corpus/reader/propbank.py -> build/lib/nltk/corpus/reader

copying nltk/corpus/reader/string_category.py -> build/lib/nltk/corpus/reader

copying nltk/corpus/reader/ycoe.py -> build/lib/nltk/corpus/reader

copying nltk/corpus/reader/semcor.py -> build/lib/nltk/corpus/reader

copying nltk/corpus/reader/wordlist.py -> build/lib/nltk/corpus/reader

copying nltk/corpus/reader/toolbox.py -> build/lib/nltk/corpus/reader

copying nltk/corpus/reader/lin.py -> build/lib/nltk/corpus/reader

copying nltk/corpus/reader/api.py -> build/lib/nltk/corpus/reader

copying nltk/corpus/reader/__init__.py -> build/lib/nltk/corpus/reader

copying nltk/corpus/reader/ipipan.py -> build/lib/nltk/corpus/reader

creating build/lib/nltk/test/unit/lm

copying nltk/test/unit/lm/test_preprocessing.py -> build/lib/nltk/test/unit/lm

copying nltk/test/unit/lm/test_vocabulary.py -> build/lib/nltk/test/unit/lm

copying nltk/test/unit/lm/test_counter.py -> build/lib/nltk/test/unit/lm

copying nltk/test/unit/lm/test_models.py -> build/lib/nltk/test/unit/lm

copying nltk/test/unit/lm/__init__.py -> build/lib/nltk/test/unit/lm

creating build/lib/nltk/test/unit/translate

copying nltk/test/unit/translate/test_ibm2.py -> build/lib/nltk/test/unit/translate

copying nltk/test/unit/translate/test_bleu.py -> build/lib/nltk/test/unit/translate

copying nltk/test/unit/translate/test_stack_decoder.py -> build/lib/nltk/test/unit/translate

copying nltk/test/unit/translate/test_ibm1.py -> build/lib/nltk/test/unit/translate

copying nltk/test/unit/translate/test_ibm_model.py -> build/lib/nltk/test/unit/translate

copying nltk/test/unit/translate/test_nist.py -> build/lib/nltk/test/unit/translate

copying nltk/test/unit/translate/test_gdfa.py -> build/lib/nltk/test/unit/translate

copying nltk/test/unit/translate/test_ibm5.py -> build/lib/nltk/test/unit/translate

copying nltk/test/unit/translate/test_ibm3.py -> build/lib/nltk/test/unit/translate

copying nltk/test/unit/translate/test_ibm4.py -> build/lib/nltk/test/unit/translate

copying nltk/test/unit/translate/__init__.py -> build/lib/nltk/test/unit/translate

copying nltk/test/translate.doctest -> build/lib/nltk/test

copying nltk/test/treetransforms.doctest -> build/lib/nltk/test

copying nltk/test/gensim.doctest -> build/lib/nltk/test

copying nltk/test/paice.doctest -> build/lib/nltk/test

copying nltk/test/compat.doctest -> build/lib/nltk/test

copying nltk/test/util.doctest -> build/lib/nltk/test

copying nltk/test/relextract.doctest -> build/lib/nltk/test

copying nltk/test/chunk.doctest -> build/lib/nltk/test

copying nltk/test/sentiment.doctest -> build/lib/nltk/test

copying nltk/test/simple.doctest -> build/lib/nltk/test

copying nltk/test/resolution.doctest -> build/lib/nltk/test

copying nltk/test/crubadan.doctest -> build/lib/nltk/test

copying nltk/test/concordance.doctest -> build/lib/nltk/test

copying nltk/test/wsd.doctest -> build/lib/nltk/test

copying nltk/test/inference.doctest -> build/lib/nltk/test

copying nltk/test/tokenize.doctest -> build/lib/nltk/test

copying nltk/test/tag.doctest -> build/lib/nltk/test

copying nltk/test/featgram.doctest -> build/lib/nltk/test

copying nltk/test/featstruct.doctest -> build/lib/nltk/test

copying nltk/test/portuguese_en.doctest -> build/lib/nltk/test

copying nltk/test/dependency.doctest -> build/lib/nltk/test

copying nltk/test/drt.doctest -> build/lib/nltk/test

copying nltk/test/corpus.doctest -> build/lib/nltk/test

copying nltk/test/classify.doctest -> build/lib/nltk/test

copying nltk/test/bnc.doctest -> build/lib/nltk/test

copying nltk/test/bleu.doctest -> build/lib/nltk/test

copying nltk/test/lm.doctest -> build/lib/nltk/test

copying nltk/test/collocations.doctest -> build/lib/nltk/test

copying nltk/test/logic.doctest -> build/lib/nltk/test

copying nltk/test/internals.doctest -> build/lib/nltk/test

copying nltk/test/tree.doctest -> build/lib/nltk/test

copying nltk/test/framenet.doctest -> build/lib/nltk/test

copying nltk/test/ccg_semantics.doctest -> build/lib/nltk/test

copying nltk/test/collections.doctest -> build/lib/nltk/test

copying nltk/test/data.doctest -> build/lib/nltk/test

copying nltk/test/parse.doctest -> build/lib/nltk/test

copying nltk/test/nonmonotonic.doctest -> build/lib/nltk/test

copying nltk/test/ccg.doctest -> build/lib/nltk/test

copying nltk/test/childes.doctest -> build/lib/nltk/test

copying nltk/test/index.doctest -> build/lib/nltk/test

copying nltk/test/treeprettyprinter.doctest -> build/lib/nltk/test

copying nltk/test/gluesemantics_malt.doctest -> build/lib/nltk/test

copying nltk/test/stem.doctest -> build/lib/nltk/test

copying nltk/test/propbank.doctest -> build/lib/nltk/test

copying nltk/test/toolbox.doctest -> build/lib/nltk/test

copying nltk/test/sentiwordnet.doctest -> build/lib/nltk/test

copying nltk/test/grammartestsuites.doctest -> build/lib/nltk/test

copying nltk/test/wordnet.doctest -> build/lib/nltk/test

copying nltk/test/metrics.doctest -> build/lib/nltk/test

copying nltk/test/grammar.doctest -> build/lib/nltk/test

copying nltk/test/probability.doctest -> build/lib/nltk/test

copying nltk/test/chat80.doctest -> build/lib/nltk/test

copying nltk/test/japanese.doctest -> build/lib/nltk/test

copying nltk/test/misc.doctest -> build/lib/nltk/test

copying nltk/test/semantics.doctest -> build/lib/nltk/test

copying nltk/test/gluesemantics.doctest -> build/lib/nltk/test

copying nltk/test/generate.doctest -> build/lib/nltk/test

copying nltk/test/discourse.doctest -> build/lib/nltk/test

copying nltk/test/wordnet_lch.doctest -> build/lib/nltk/test

copying nltk/VERSION -> build/lib/nltk

running install_lib

creating /usr/local/lib/python3.4/dist-packages/nltk

error: could not create '/usr/local/lib/python3.4/dist-packages/nltk': Permission denied

----------------------------------------
Cleaning up...
  Removing temporary dir /tmp/pip_build_ubuntu...
Command /usr/bin/python3 -c "import setuptools, tokenize;__file__='/tmp/pip_build_ubuntu/nltk/setup.py';exec(compile(getattr(tokenize, 'open', open)(__file__).read().replace('\r\n', '\n'), __file__, 'exec'))" install --record /tmp/pip-iqe1xtoy-record/install-record.txt --single-version-externally-managed --compile failed with error code 1 in /tmp/pip_build_ubuntu/nltk
Exception information:
Traceback (most recent call last):
  File "/usr/lib/python3/dist-packages/pip/basecommand.py", line 122, in main
    status = self.run(options, args)
  File "/usr/lib/python3/dist-packages/pip/commands/install.py", line 283, in run
    requirement_set.install(install_options, global_options, root=options.root_path)
  File "/usr/lib/python3/dist-packages/pip/req.py", line 1436, in install
    requirement.install(install_options, global_options, *args, **kwargs)
  File "/usr/lib/python3/dist-packages/pip/req.py", line 707, in install
    cwd=self.source_dir, filter_stdout=self._filter_install, show_stdout=False)
  File "/usr/lib/python3/dist-packages/pip/util.py", line 715, in call_subprocess
    % (command_desc, proc.returncode, cwd))
pip.exceptions.InstallationError: Command /usr/bin/python3 -c "import setuptools, tokenize;__file__='/tmp/pip_build_ubuntu/nltk/setup.py';exec(compile(getattr(tokenize, 'open', open)(__file__).read().replace('\r\n', '\n'), __file__, 'exec'))" install --record /tmp/pip-iqe1xtoy-record/install-record.txt --single-version-externally-managed --compile failed with error code 1 in /tmp/pip_build_ubuntu/nltk
